{"meta": {"format": 3, "version": "7.13.0", "timestamp": "2025-12-29T22:39:14.846027", "branch_coverage": false, "show_contexts": false}, "files": {"src/kindle_sync/__init__.py": {"executed_lines": [1, 3], "summary": {"covered_lines": 1, "num_statements": 1, "percent_covered": 100.0, "percent_covered_display": "100", "missing_lines": 0, "excluded_lines": 0, "percent_statements_covered": 100.0, "percent_statements_covered_display": "100"}, "missing_lines": [], "excluded_lines": [], "functions": {"": {"executed_lines": [1, 3], "summary": {"covered_lines": 1, "num_statements": 1, "percent_covered": 100.0, "percent_covered_display": "100", "missing_lines": 0, "excluded_lines": 0, "percent_statements_covered": 100.0, "percent_statements_covered_display": "100"}, "missing_lines": [], "excluded_lines": []}}, "classes": {"": {"executed_lines": [1, 3], "summary": {"covered_lines": 1, "num_statements": 1, "percent_covered": 100.0, "percent_covered_display": "100", "missing_lines": 0, "excluded_lines": 0, "percent_statements_covered": 100.0, "percent_statements_covered_display": "100"}, "missing_lines": [], "excluded_lines": []}}}, "src/kindle_sync/cli.py": {"executed_lines": [], "summary": {"covered_lines": 0, "num_statements": 210, "percent_covered": 0.0, "percent_covered_display": "0", "missing_lines": 210, "excluded_lines": 2, "percent_statements_covered": 0.0, "percent_statements_covered_display": "0"}, "missing_lines": [3, 5, 6, 7, 9, 10, 11, 12, 14, 17, 18, 19, 20, 21, 22, 23, 26, 29, 30, 31, 32, 35, 36, 37, 40, 41, 50, 51, 52, 54, 57, 60, 62, 63, 64, 65, 67, 68, 69, 70, 72, 73, 75, 76, 79, 80, 81, 83, 85, 87, 88, 90, 93, 94, 95, 97, 100, 102, 103, 104, 107, 108, 109, 110, 112, 113, 114, 116, 119, 120, 121, 122, 123, 125, 127, 130, 131, 132, 135, 136, 139, 141, 142, 143, 144, 145, 146, 149, 150, 151, 152, 153, 154, 155, 156, 158, 159, 162, 163, 164, 170, 171, 172, 173, 177, 180, 182, 185, 187, 188, 191, 193, 194, 195, 196, 198, 199, 202, 203, 209, 215, 216, 218, 220, 221, 222, 223, 225, 226, 227, 229, 230, 244, 247, 248, 249, 250, 251, 252, 254, 255, 260, 268, 271, 272, 273, 274, 276, 278, 279, 280, 281, 282, 283, 284, 286, 287, 289, 290, 291, 292, 293, 294, 296, 297, 298, 299, 300, 301, 303, 304, 305, 306, 307, 309, 310, 313, 314, 320, 321, 323, 324, 326, 329, 331, 333, 335, 336, 337, 338, 339, 340, 342, 343, 346, 347, 348, 349, 350, 351, 353, 355, 356, 358, 359, 360, 362, 363, 364, 365], "excluded_lines": [368, 369], "functions": {"main": {"executed_lines": [], "summary": {"covered_lines": 0, "num_statements": 8, "percent_covered": 0.0, "percent_covered_display": "0", "missing_lines": 8, "excluded_lines": 0, "percent_statements_covered": 0.0, "percent_statements_covered_display": "0"}, "missing_lines": [26, 29, 30, 31, 32, 35, 36, 37], "excluded_lines": []}, "login": {"executed_lines": [], "summary": {"covered_lines": 0, "num_statements": 15, "percent_covered": 0.0, "percent_covered_display": "0", "missing_lines": 15, "excluded_lines": 0, "percent_statements_covered": 0.0, "percent_statements_covered_display": "0"}, "missing_lines": [54, 57, 60, 62, 63, 64, 65, 67, 68, 69, 70, 72, 73, 75, 76], "excluded_lines": []}, "logout": {"executed_lines": [], "summary": {"covered_lines": 0, "num_statements": 5, "percent_covered": 0.0, "percent_covered_display": "0", "missing_lines": 5, "excluded_lines": 0, "percent_statements_covered": 0.0, "percent_statements_covered_display": "0"}, "missing_lines": [83, 85, 87, 88, 90], "excluded_lines": []}, "status": {"executed_lines": [], "summary": {"covered_lines": 0, "num_statements": 13, "percent_covered": 0.0, "percent_covered_display": "0", "missing_lines": 13, "excluded_lines": 0, "percent_statements_covered": 0.0, "percent_statements_covered_display": "0"}, "missing_lines": [97, 100, 102, 103, 104, 107, 108, 109, 110, 112, 113, 114, 116], "excluded_lines": []}, "sync": {"executed_lines": [], "summary": {"covered_lines": 0, "num_statements": 23, "percent_covered": 0.0, "percent_covered_display": "0", "missing_lines": 23, "excluded_lines": 0, "percent_statements_covered": 0.0, "percent_statements_covered_display": "0"}, "missing_lines": [125, 127, 130, 131, 132, 135, 139, 141, 142, 143, 144, 145, 146, 149, 150, 151, 152, 153, 154, 155, 156, 158, 159], "excluded_lines": []}, "sync.progress_callback": {"executed_lines": [], "summary": {"covered_lines": 0, "num_statements": 1, "percent_covered": 0.0, "percent_covered_display": "0", "missing_lines": 1, "excluded_lines": 0, "percent_statements_covered": 0.0, "percent_statements_covered_display": "0"}, "missing_lines": [136], "excluded_lines": []}, "export": {"executed_lines": [], "summary": {"covered_lines": 0, "num_statements": 13, "percent_covered": 0.0, "percent_covered_display": "0", "missing_lines": 13, "excluded_lines": 0, "percent_statements_covered": 0.0, "percent_statements_covered_display": "0"}, "missing_lines": [177, 180, 182, 185, 187, 188, 191, 193, 194, 195, 196, 198, 199], "excluded_lines": []}, "list_books": {"executed_lines": [], "summary": {"covered_lines": 0, "num_statements": 21, "percent_covered": 0.0, "percent_covered_display": "0", "missing_lines": 21, "excluded_lines": 0, "percent_statements_covered": 0.0, "percent_statements_covered_display": "0"}, "missing_lines": [218, 220, 221, 222, 223, 225, 226, 227, 229, 230, 244, 247, 248, 249, 250, 251, 252, 254, 255, 260, 268], "excluded_lines": []}, "show": {"executed_lines": [], "summary": {"covered_lines": 0, "num_statements": 29, "percent_covered": 0.0, "percent_covered_display": "0", "missing_lines": 29, "excluded_lines": 0, "percent_statements_covered": 0.0, "percent_statements_covered_display": "0"}, "missing_lines": [276, 278, 279, 280, 281, 282, 283, 284, 286, 287, 289, 290, 291, 292, 293, 294, 296, 297, 298, 299, 300, 301, 303, 304, 305, 306, 307, 309, 310], "excluded_lines": []}, "sync_images": {"executed_lines": [], "summary": {"covered_lines": 0, "num_statements": 14, "percent_covered": 0.0, "percent_covered_display": "0", "missing_lines": 14, "excluded_lines": 0, "percent_statements_covered": 0.0, "percent_statements_covered_display": "0"}, "missing_lines": [323, 324, 326, 329, 331, 333, 335, 336, 337, 338, 339, 340, 342, 343], "excluded_lines": []}, "web": {"executed_lines": [], "summary": {"covered_lines": 0, "num_statements": 10, "percent_covered": 0.0, "percent_covered_display": "0", "missing_lines": 10, "excluded_lines": 0, "percent_statements_covered": 0.0, "percent_statements_covered_display": "0"}, "missing_lines": [353, 355, 356, 358, 359, 360, 362, 363, 364, 365], "excluded_lines": []}, "": {"executed_lines": [], "summary": {"covered_lines": 0, "num_statements": 58, "percent_covered": 0.0, "percent_covered_display": "0", "missing_lines": 58, "excluded_lines": 2, "percent_statements_covered": 0.0, "percent_statements_covered_display": "0"}, "missing_lines": [3, 5, 6, 7, 9, 10, 11, 12, 14, 17, 18, 19, 20, 21, 22, 23, 40, 41, 50, 51, 52, 79, 80, 81, 93, 94, 95, 119, 120, 121, 122, 123, 162, 163, 164, 170, 171, 172, 173, 202, 203, 209, 215, 216, 271, 272, 273, 274, 313, 314, 320, 321, 346, 347, 348, 349, 350, 351], "excluded_lines": [368, 369]}}, "classes": {"": {"executed_lines": [], "summary": {"covered_lines": 0, "num_statements": 210, "percent_covered": 0.0, "percent_covered_display": "0", "missing_lines": 210, "excluded_lines": 2, "percent_statements_covered": 0.0, "percent_statements_covered_display": "0"}, "missing_lines": [3, 5, 6, 7, 9, 10, 11, 12, 14, 17, 18, 19, 20, 21, 22, 23, 26, 29, 30, 31, 32, 35, 36, 37, 40, 41, 50, 51, 52, 54, 57, 60, 62, 63, 64, 65, 67, 68, 69, 70, 72, 73, 75, 76, 79, 80, 81, 83, 85, 87, 88, 90, 93, 94, 95, 97, 100, 102, 103, 104, 107, 108, 109, 110, 112, 113, 114, 116, 119, 120, 121, 122, 123, 125, 127, 130, 131, 132, 135, 136, 139, 141, 142, 143, 144, 145, 146, 149, 150, 151, 152, 153, 154, 155, 156, 158, 159, 162, 163, 164, 170, 171, 172, 173, 177, 180, 182, 185, 187, 188, 191, 193, 194, 195, 196, 198, 199, 202, 203, 209, 215, 216, 218, 220, 221, 222, 223, 225, 226, 227, 229, 230, 244, 247, 248, 249, 250, 251, 252, 254, 255, 260, 268, 271, 272, 273, 274, 276, 278, 279, 280, 281, 282, 283, 284, 286, 287, 289, 290, 291, 292, 293, 294, 296, 297, 298, 299, 300, 301, 303, 304, 305, 306, 307, 309, 310, 313, 314, 320, 321, 323, 324, 326, 329, 331, 333, 335, 336, 337, 338, 339, 340, 342, 343, 346, 347, 348, 349, 350, 351, 353, 355, 356, 358, 359, 360, 362, 363, 364, 365], "excluded_lines": [368, 369]}}}, "src/kindle_sync/config.py": {"executed_lines": [1, 3, 5, 8, 9, 12, 64, 65, 66, 67, 68, 71, 72, 73, 76, 77, 78, 79, 82, 88, 89, 99, 101, 102], "summary": {"covered_lines": 22, "num_statements": 23, "percent_covered": 95.65217391304348, "percent_covered_display": "96", "missing_lines": 1, "excluded_lines": 0, "percent_statements_covered": 95.65217391304348, "percent_statements_covered_display": "96"}, "missing_lines": [112], "excluded_lines": [], "functions": {"Config.get_region_config": {"executed_lines": [99], "summary": {"covered_lines": 1, "num_statements": 1, "percent_covered": 100.0, "percent_covered_display": "100", "missing_lines": 0, "excluded_lines": 0, "percent_statements_covered": 100.0, "percent_statements_covered_display": "100"}, "missing_lines": [], "excluded_lines": []}, "Config.expand_path": {"executed_lines": [], "summary": {"covered_lines": 0, "num_statements": 1, "percent_covered": 0.0, "percent_covered_display": "0", "missing_lines": 1, "excluded_lines": 0, "percent_statements_covered": 0.0, "percent_statements_covered_display": "0"}, "missing_lines": [112], "excluded_lines": []}, "": {"executed_lines": [1, 3, 5, 8, 9, 12, 64, 65, 66, 67, 68, 71, 72, 73, 76, 77, 78, 79, 82, 88, 89, 101, 102], "summary": {"covered_lines": 21, "num_statements": 21, "percent_covered": 100.0, "percent_covered_display": "100", "missing_lines": 0, "excluded_lines": 0, "percent_statements_covered": 100.0, "percent_statements_covered_display": "100"}, "missing_lines": [], "excluded_lines": []}}, "classes": {"Config": {"executed_lines": [99], "summary": {"covered_lines": 1, "num_statements": 2, "percent_covered": 50.0, "percent_covered_display": "50", "missing_lines": 1, "excluded_lines": 0, "percent_statements_covered": 50.0, "percent_statements_covered_display": "50"}, "missing_lines": [112], "excluded_lines": []}, "": {"executed_lines": [1, 3, 5, 8, 9, 12, 64, 65, 66, 67, 68, 71, 72, 73, 76, 77, 78, 79, 82, 88, 89, 101, 102], "summary": {"covered_lines": 21, "num_statements": 21, "percent_covered": 100.0, "percent_covered_display": "100", "missing_lines": 0, "excluded_lines": 0, "percent_statements_covered": 100.0, "percent_statements_covered_display": "100"}, "missing_lines": [], "excluded_lines": []}}}, "src/kindle_sync/menu_bar.py": {"executed_lines": [], "summary": {"covered_lines": 0, "num_statements": 129, "percent_covered": 0.0, "percent_covered_display": "0", "missing_lines": 129, "excluded_lines": 2, "percent_statements_covered": 0.0, "percent_statements_covered_display": "0"}, "missing_lines": [3, 4, 5, 7, 8, 9, 10, 12, 13, 14, 15, 16, 18, 20, 23, 25, 31, 32, 33, 36, 37, 38, 41, 42, 45, 48, 50, 53, 54, 57, 58, 73, 80, 82, 83, 85, 87, 88, 89, 93, 94, 96, 98, 100, 101, 102, 103, 105, 106, 108, 110, 117, 119, 122, 129, 130, 132, 134, 135, 136, 137, 141, 144, 151, 153, 154, 160, 162, 164, 166, 173, 174, 175, 176, 182, 184, 186, 189, 196, 197, 199, 200, 206, 212, 213, 215, 218, 219, 220, 221, 223, 224, 227, 234, 235, 237, 241, 242, 248, 254, 255, 257, 260, 267, 268, 270, 272, 273, 274, 279, 285, 291, 292, 294, 296, 297, 299, 305, 307, 308, 310, 312, 315, 317, 318, 319, 320, 322, 323], "excluded_lines": [326, 327], "functions": {"__init__": {"executed_lines": [], "summary": {"covered_lines": 0, "num_statements": 11, "percent_covered": 0.0, "percent_covered_display": "0", "missing_lines": 11, "excluded_lines": 0, "percent_statements_covered": 0.0, "percent_statements_covered_display": "0"}, "missing_lines": [25, 31, 32, 33, 36, 37, 38, 41, 42, 45, 48], "excluded_lines": []}, "_build_menu": {"executed_lines": [], "summary": {"covered_lines": 0, "num_statements": 5, "percent_covered": 0.0, "percent_covered_display": "0", "missing_lines": 5, "excluded_lines": 0, "percent_statements_covered": 0.0, "percent_statements_covered_display": "0"}, "missing_lines": [53, 54, 57, 58, 73], "excluded_lines": []}, "_start_flask_server": {"executed_lines": [], "summary": {"covered_lines": 0, "num_statements": 6, "percent_covered": 0.0, "percent_covered_display": "0", "missing_lines": 6, "excluded_lines": 0, "percent_statements_covered": 0.0, "percent_statements_covered_display": "0"}, "missing_lines": [82, 83, 85, 87, 93, 94], "excluded_lines": []}, "_start_flask_server.run_flask": {"executed_lines": [], "summary": {"covered_lines": 0, "num_statements": 2, "percent_covered": 0.0, "percent_covered_display": "0", "missing_lines": 2, "excluded_lines": 0, "percent_statements_covered": 0.0, "percent_statements_covered_display": "0"}, "missing_lines": [88, 89], "excluded_lines": []}, "show_status": {"executed_lines": [], "summary": {"covered_lines": 0, "num_statements": 10, "percent_covered": 0.0, "percent_covered_display": "0", "missing_lines": 10, "excluded_lines": 0, "percent_statements_covered": 0.0, "percent_statements_covered_display": "0"}, "missing_lines": [98, 100, 101, 102, 103, 105, 106, 108, 110, 117], "excluded_lines": []}, "login": {"executed_lines": [], "summary": {"covered_lines": 0, "num_statements": 15, "percent_covered": 0.0, "percent_covered_display": "0", "missing_lines": 15, "excluded_lines": 0, "percent_statements_covered": 0.0, "percent_statements_covered_display": "0"}, "missing_lines": [122, 129, 130, 132, 134, 135, 136, 137, 141, 144, 151, 153, 154, 160, 162], "excluded_lines": []}, "logout": {"executed_lines": [], "summary": {"covered_lines": 0, "num_statements": 7, "percent_covered": 0.0, "percent_covered_display": "0", "missing_lines": 7, "excluded_lines": 0, "percent_statements_covered": 0.0, "percent_statements_covered_display": "0"}, "missing_lines": [166, 173, 174, 175, 176, 182, 184], "excluded_lines": []}, "sync_highlights": {"executed_lines": [], "summary": {"covered_lines": 0, "num_statements": 4, "percent_covered": 0.0, "percent_covered_display": "0", "missing_lines": 4, "excluded_lines": 0, "percent_statements_covered": 0.0, "percent_statements_covered_display": "0"}, "missing_lines": [189, 196, 212, 213], "excluded_lines": []}, "sync_highlights.sync_worker": {"executed_lines": [], "summary": {"covered_lines": 0, "num_statements": 4, "percent_covered": 0.0, "percent_covered_display": "0", "missing_lines": 4, "excluded_lines": 0, "percent_statements_covered": 0.0, "percent_statements_covered_display": "0"}, "missing_lines": [197, 199, 200, 206], "excluded_lines": []}, "export_highlights": {"executed_lines": [], "summary": {"covered_lines": 0, "num_statements": 10, "percent_covered": 0.0, "percent_covered_display": "0", "missing_lines": 10, "excluded_lines": 0, "percent_statements_covered": 0.0, "percent_statements_covered_display": "0"}, "missing_lines": [218, 219, 220, 221, 223, 224, 227, 234, 254, 255], "excluded_lines": []}, "export_highlights.export_worker": {"executed_lines": [], "summary": {"covered_lines": 0, "num_statements": 5, "percent_covered": 0.0, "percent_covered_display": "0", "missing_lines": 5, "excluded_lines": 0, "percent_statements_covered": 0.0, "percent_statements_covered_display": "0"}, "missing_lines": [235, 237, 241, 242, 248], "excluded_lines": []}, "sync_images": {"executed_lines": [], "summary": {"covered_lines": 0, "num_statements": 4, "percent_covered": 0.0, "percent_covered_display": "0", "missing_lines": 4, "excluded_lines": 0, "percent_statements_covered": 0.0, "percent_statements_covered_display": "0"}, "missing_lines": [260, 267, 291, 292], "excluded_lines": []}, "sync_images.sync_images_worker": {"executed_lines": [], "summary": {"covered_lines": 0, "num_statements": 7, "percent_covered": 0.0, "percent_covered_display": "0", "missing_lines": 7, "excluded_lines": 0, "percent_statements_covered": 0.0, "percent_statements_covered_display": "0"}, "missing_lines": [268, 270, 272, 273, 274, 279, 285], "excluded_lines": []}, "open_web_interface": {"executed_lines": [], "summary": {"covered_lines": 0, "num_statements": 3, "percent_covered": 0.0, "percent_covered_display": "0", "missing_lines": 3, "excluded_lines": 0, "percent_statements_covered": 0.0, "percent_statements_covered_display": "0"}, "missing_lines": [296, 297, 299], "excluded_lines": []}, "open_settings": {"executed_lines": [], "summary": {"covered_lines": 0, "num_statements": 2, "percent_covered": 0.0, "percent_covered_display": "0", "missing_lines": 2, "excluded_lines": 0, "percent_statements_covered": 0.0, "percent_statements_covered_display": "0"}, "missing_lines": [307, 308], "excluded_lines": []}, "quit_app": {"executed_lines": [], "summary": {"covered_lines": 0, "num_statements": 1, "percent_covered": 0.0, "percent_covered_display": "0", "missing_lines": 1, "excluded_lines": 0, "percent_statements_covered": 0.0, "percent_statements_covered_display": "0"}, "missing_lines": [312], "excluded_lines": []}, "main": {"executed_lines": [], "summary": {"covered_lines": 0, "num_statements": 6, "percent_covered": 0.0, "percent_covered_display": "0", "missing_lines": 6, "excluded_lines": 0, "percent_statements_covered": 0.0, "percent_statements_covered_display": "0"}, "missing_lines": [317, 318, 319, 320, 322, 323], "excluded_lines": []}, "": {"executed_lines": [], "summary": {"covered_lines": 0, "num_statements": 27, "percent_covered": 0.0, "percent_covered_display": "0", "missing_lines": 27, "excluded_lines": 2, "percent_statements_covered": 0.0, "percent_statements_covered_display": "0"}, "missing_lines": [3, 4, 5, 7, 8, 9, 10, 12, 13, 14, 15, 16, 18, 20, 23, 50, 80, 96, 119, 164, 186, 215, 257, 294, 305, 310, 315], "excluded_lines": [326, 327]}}, "classes": {"KindleSyncMenuBar": {"executed_lines": [], "summary": {"covered_lines": 0, "num_statements": 0, "percent_covered": 100.0, "percent_covered_display": "100", "missing_lines": 0, "excluded_lines": 0, "percent_statements_covered": 100.0, "percent_statements_covered_display": "100"}, "missing_lines": [], "excluded_lines": []}, "": {"executed_lines": [], "summary": {"covered_lines": 0, "num_statements": 129, "percent_covered": 0.0, "percent_covered_display": "0", "missing_lines": 129, "excluded_lines": 2, "percent_statements_covered": 0.0, "percent_statements_covered_display": "0"}, "missing_lines": [3, 4, 5, 7, 8, 9, 10, 12, 13, 14, 15, 16, 18, 20, 23, 25, 31, 32, 33, 36, 37, 38, 41, 42, 45, 48, 50, 53, 54, 57, 58, 73, 80, 82, 83, 85, 87, 88, 89, 93, 94, 96, 98, 100, 101, 102, 103, 105, 106, 108, 110, 117, 119, 122, 129, 130, 132, 134, 135, 136, 137, 141, 144, 151, 153, 154, 160, 162, 164, 166, 173, 174, 175, 176, 182, 184, 186, 189, 196, 197, 199, 200, 206, 212, 213, 215, 218, 219, 220, 221, 223, 224, 227, 234, 235, 237, 241, 242, 248, 254, 255, 257, 260, 267, 268, 270, 272, 273, 274, 279, 285, 291, 292, 294, 296, 297, 299, 305, 307, 308, 310, 312, 315, 317, 318, 319, 320, 322, 323], "excluded_lines": [326, 327]}}}, "src/kindle_sync/models.py": {"executed_lines": [1, 3, 4, 5, 8, 9, 11, 12, 13, 14, 17, 18, 20, 21, 22, 23, 24, 25, 26, 27, 30, 31, 33, 34, 35, 38, 39, 41, 42, 43, 44, 46, 47, 51, 52, 53, 58, 59, 60, 61, 62, 64, 65, 66, 67, 68, 69, 70, 71, 72, 73, 74, 75, 76, 77, 78, 79, 80, 83, 84, 85, 90, 91, 92, 93, 94, 95, 96, 99, 100, 101, 107, 108, 109, 117, 118, 119, 125, 126, 127], "summary": {"covered_lines": 69, "num_statements": 70, "percent_covered": 98.57142857142857, "percent_covered_display": "99", "missing_lines": 1, "excluded_lines": 0, "percent_statements_covered": 98.57142857142857, "percent_statements_covered_display": "99"}, "missing_lines": [48], "excluded_lines": [], "functions": {"ImageSize.from_name": {"executed_lines": [], "summary": {"covered_lines": 0, "num_statements": 1, "percent_covered": 0.0, "percent_covered_display": "0", "missing_lines": 1, "excluded_lines": 0, "percent_statements_covered": 0.0, "percent_statements_covered_display": "0"}, "missing_lines": [48], "excluded_lines": []}, "": {"executed_lines": [1, 3, 4, 5, 8, 9, 11, 12, 13, 14, 17, 18, 20, 21, 22, 23, 24, 25, 26, 27, 30, 31, 33, 34, 35, 38, 39, 41, 42, 43, 44, 46, 47, 51, 52, 53, 58, 59, 60, 61, 62, 64, 65, 66, 67, 68, 69, 70, 71, 72, 73, 74, 75, 76, 77, 78, 79, 80, 83, 84, 85, 90, 91, 92, 93, 94, 95, 96, 99, 100, 101, 107, 108, 109, 117, 118, 119, 125, 126, 127], "summary": {"covered_lines": 69, "num_statements": 69, "percent_covered": 100.0, "percent_covered_display": "100", "missing_lines": 0, "excluded_lines": 0, "percent_statements_covered": 100.0, "percent_statements_covered_display": "100"}, "missing_lines": [], "excluded_lines": []}}, "classes": {"HighlightColor": {"executed_lines": [], "summary": {"covered_lines": 0, "num_statements": 0, "percent_covered": 100.0, "percent_covered_display": "100", "missing_lines": 0, "excluded_lines": 0, "percent_statements_covered": 100.0, "percent_statements_covered_display": "100"}, "missing_lines": [], "excluded_lines": []}, "AmazonRegion": {"executed_lines": [], "summary": {"covered_lines": 0, "num_statements": 0, "percent_covered": 100.0, "percent_covered_display": "100", "missing_lines": 0, "excluded_lines": 0, "percent_statements_covered": 100.0, "percent_statements_covered_display": "100"}, "missing_lines": [], "excluded_lines": []}, "ExportFormat": {"executed_lines": [], "summary": {"covered_lines": 0, "num_statements": 0, "percent_covered": 100.0, "percent_covered_display": "100", "missing_lines": 0, "excluded_lines": 0, "percent_statements_covered": 100.0, "percent_statements_covered_display": "100"}, "missing_lines": [], "excluded_lines": []}, "ImageSize": {"executed_lines": [], "summary": {"covered_lines": 0, "num_statements": 1, "percent_covered": 0.0, "percent_covered_display": "0", "missing_lines": 1, "excluded_lines": 0, "percent_statements_covered": 0.0, "percent_statements_covered_display": "0"}, "missing_lines": [48], "excluded_lines": []}, "Book": {"executed_lines": [], "summary": {"covered_lines": 0, "num_statements": 0, "percent_covered": 100.0, "percent_covered_display": "100", "missing_lines": 0, "excluded_lines": 0, "percent_statements_covered": 100.0, "percent_statements_covered_display": "100"}, "missing_lines": [], "excluded_lines": []}, "Highlight": {"executed_lines": [], "summary": {"covered_lines": 0, "num_statements": 0, "percent_covered": 100.0, "percent_covered_display": "100", "missing_lines": 0, "excluded_lines": 0, "percent_statements_covered": 100.0, "percent_statements_covered_display": "100"}, "missing_lines": [], "excluded_lines": []}, "BookHighlights": {"executed_lines": [], "summary": {"covered_lines": 0, "num_statements": 0, "percent_covered": 100.0, "percent_covered_display": "100", "missing_lines": 0, "excluded_lines": 0, "percent_statements_covered": 100.0, "percent_statements_covered_display": "100"}, "missing_lines": [], "excluded_lines": []}, "RegionConfig": {"executed_lines": [], "summary": {"covered_lines": 0, "num_statements": 0, "percent_covered": 100.0, "percent_covered_display": "100", "missing_lines": 0, "excluded_lines": 0, "percent_statements_covered": 100.0, "percent_statements_covered_display": "100"}, "missing_lines": [], "excluded_lines": []}, "BookWithHighlightCount": {"executed_lines": [], "summary": {"covered_lines": 0, "num_statements": 0, "percent_covered": 100.0, "percent_covered_display": "100", "missing_lines": 0, "excluded_lines": 0, "percent_statements_covered": 100.0, "percent_statements_covered_display": "100"}, "missing_lines": [], "excluded_lines": []}, "SearchResult": {"executed_lines": [], "summary": {"covered_lines": 0, "num_statements": 0, "percent_covered": 100.0, "percent_covered_display": "100", "missing_lines": 0, "excluded_lines": 0, "percent_statements_covered": 100.0, "percent_statements_covered_display": "100"}, "missing_lines": [], "excluded_lines": []}, "": {"executed_lines": [1, 3, 4, 5, 8, 9, 11, 12, 13, 14, 17, 18, 20, 21, 22, 23, 24, 25, 26, 27, 30, 31, 33, 34, 35, 38, 39, 41, 42, 43, 44, 46, 47, 51, 52, 53, 58, 59, 60, 61, 62, 64, 65, 66, 67, 68, 69, 70, 71, 72, 73, 74, 75, 76, 77, 78, 79, 80, 83, 84, 85, 90, 91, 92, 93, 94, 95, 96, 99, 100, 101, 107, 108, 109, 117, 118, 119, 125, 126, 127], "summary": {"covered_lines": 69, "num_statements": 69, "percent_covered": 100.0, "percent_covered_display": "100", "missing_lines": 0, "excluded_lines": 0, "percent_statements_covered": 100.0, "percent_statements_covered_display": "100"}, "missing_lines": [], "excluded_lines": []}}}, "src/kindle_sync/services/__init__.py": {"executed_lines": [1, 10, 11, 12, 13, 15], "summary": {"covered_lines": 5, "num_statements": 5, "percent_covered": 100.0, "percent_covered_display": "100", "missing_lines": 0, "excluded_lines": 0, "percent_statements_covered": 100.0, "percent_statements_covered_display": "100"}, "missing_lines": [], "excluded_lines": [], "functions": {"": {"executed_lines": [1, 10, 11, 12, 13, 15], "summary": {"covered_lines": 5, "num_statements": 5, "percent_covered": 100.0, "percent_covered_display": "100", "missing_lines": 0, "excluded_lines": 0, "percent_statements_covered": 100.0, "percent_statements_covered_display": "100"}, "missing_lines": [], "excluded_lines": []}}, "classes": {"": {"executed_lines": [1, 10, 11, 12, 13, 15], "summary": {"covered_lines": 5, "num_statements": 5, "percent_covered": 100.0, "percent_covered_display": "100", "missing_lines": 0, "excluded_lines": 0, "percent_statements_covered": 100.0, "percent_statements_covered_display": "100"}, "missing_lines": [], "excluded_lines": []}}}, "src/kindle_sync/services/auth_service.py": {"executed_lines": [1, 3, 4, 5, 6, 8, 9, 10, 11, 12, 14, 15, 18, 19, 21, 24, 25, 27, 32, 36, 55, 60, 84, 97, 128, 129, 130, 134, 135, 138, 139, 141, 142, 171, 172, 184, 185, 247, 248], "summary": {"covered_lines": 34, "num_statements": 158, "percent_covered": 21.518987341772153, "percent_covered_display": "22", "missing_lines": 124, "excluded_lines": 0, "percent_statements_covered": 21.518987341772153, "percent_statements_covered_display": "22"}, "missing_lines": [28, 29, 30, 34, 38, 39, 41, 42, 43, 44, 45, 46, 47, 48, 49, 50, 51, 52, 53, 57, 58, 62, 63, 64, 66, 67, 68, 69, 71, 72, 74, 75, 82, 86, 87, 88, 89, 94, 95, 99, 100, 101, 102, 103, 104, 105, 107, 108, 110, 111, 112, 114, 115, 116, 117, 118, 119, 121, 122, 123, 124, 125, 144, 146, 147, 149, 150, 151, 152, 153, 159, 160, 161, 167, 168, 169, 174, 176, 177, 178, 179, 180, 181, 182, 187, 189, 190, 192, 193, 194, 195, 196, 197, 199, 200, 201, 202, 204, 205, 206, 207, 208, 209, 210, 218, 219, 220, 221, 222, 224, 226, 235, 236, 237, 250, 252, 253, 254, 255, 256, 257, 258, 259, 260], "excluded_lines": [], "functions": {"AuthManager.__init__": {"executed_lines": [], "summary": {"covered_lines": 0, "num_statements": 3, "percent_covered": 0.0, "percent_covered_display": "0", "missing_lines": 3, "excluded_lines": 0, "percent_statements_covered": 0.0, "percent_statements_covered_display": "0"}, "missing_lines": [28, 29, 30], "excluded_lines": []}, "AuthManager.is_authenticated": {"executed_lines": [], "summary": {"covered_lines": 0, "num_statements": 1, "percent_covered": 0.0, "percent_covered_display": "0", "missing_lines": 1, "excluded_lines": 0, "percent_statements_covered": 0.0, "percent_statements_covered_display": "0"}, "missing_lines": [34], "excluded_lines": []}, "AuthManager.login": {"executed_lines": [], "summary": {"covered_lines": 0, "num_statements": 15, "percent_covered": 0.0, "percent_covered_display": "0", "missing_lines": 15, "excluded_lines": 0, "percent_statements_covered": 0.0, "percent_statements_covered_display": "0"}, "missing_lines": [38, 39, 41, 42, 43, 44, 45, 46, 47, 48, 49, 50, 51, 52, 53], "excluded_lines": []}, "AuthManager.logout": {"executed_lines": [], "summary": {"covered_lines": 0, "num_statements": 2, "percent_covered": 0.0, "percent_covered_display": "0", "missing_lines": 2, "excluded_lines": 0, "percent_statements_covered": 0.0, "percent_statements_covered_display": "0"}, "missing_lines": [57, 58], "excluded_lines": []}, "AuthManager.get_session": {"executed_lines": [], "summary": {"covered_lines": 0, "num_statements": 12, "percent_covered": 0.0, "percent_covered_display": "0", "missing_lines": 12, "excluded_lines": 0, "percent_statements_covered": 0.0, "percent_statements_covered_display": "0"}, "missing_lines": [62, 63, 64, 66, 67, 68, 69, 71, 72, 74, 75, 82], "excluded_lines": []}, "AuthManager.validate_session": {"executed_lines": [], "summary": {"covered_lines": 0, "num_statements": 6, "percent_covered": 0.0, "percent_covered_display": "0", "missing_lines": 6, "excluded_lines": 0, "percent_statements_covered": 0.0, "percent_statements_covered_display": "0"}, "missing_lines": [86, 87, 88, 89, 94, 95], "excluded_lines": []}, "AuthManager._launch_browser_login": {"executed_lines": [], "summary": {"covered_lines": 0, "num_statements": 23, "percent_covered": 0.0, "percent_covered_display": "0", "missing_lines": 23, "excluded_lines": 0, "percent_statements_covered": 0.0, "percent_statements_covered_display": "0"}, "missing_lines": [99, 100, 101, 102, 103, 104, 105, 107, 108, 110, 111, 112, 114, 115, 116, 117, 118, 119, 121, 122, 123, 124, 125], "excluded_lines": []}, "AuthService.login": {"executed_lines": [], "summary": {"covered_lines": 0, "num_statements": 14, "percent_covered": 0.0, "percent_covered_display": "0", "missing_lines": 14, "excluded_lines": 0, "percent_statements_covered": 0.0, "percent_statements_covered_display": "0"}, "missing_lines": [144, 146, 147, 149, 150, 151, 152, 153, 159, 160, 161, 167, 168, 169], "excluded_lines": []}, "AuthService.logout": {"executed_lines": [], "summary": {"covered_lines": 0, "num_statements": 8, "percent_covered": 0.0, "percent_covered_display": "0", "missing_lines": 8, "excluded_lines": 0, "percent_statements_covered": 0.0, "percent_statements_covered_display": "0"}, "missing_lines": [174, 176, 177, 178, 179, 180, 181, 182], "excluded_lines": []}, "AuthService.check_status": {"executed_lines": [], "summary": {"covered_lines": 0, "num_statements": 30, "percent_covered": 0.0, "percent_covered_display": "0", "missing_lines": 30, "excluded_lines": 0, "percent_statements_covered": 0.0, "percent_statements_covered_display": "0"}, "missing_lines": [187, 189, 190, 192, 193, 194, 195, 196, 197, 199, 200, 201, 202, 204, 205, 206, 207, 208, 209, 210, 218, 219, 220, 221, 222, 224, 226, 235, 236, 237], "excluded_lines": []}, "AuthService.is_authenticated": {"executed_lines": [], "summary": {"covered_lines": 0, "num_statements": 10, "percent_covered": 0.0, "percent_covered_display": "0", "missing_lines": 10, "excluded_lines": 0, "percent_statements_covered": 0.0, "percent_statements_covered_display": "0"}, "missing_lines": [250, 252, 253, 254, 255, 256, 257, 258, 259, 260], "excluded_lines": []}, "": {"executed_lines": [1, 3, 4, 5, 6, 8, 9, 10, 11, 12, 14, 15, 18, 19, 21, 24, 25, 27, 32, 36, 55, 60, 84, 97, 128, 129, 130, 134, 135, 138, 139, 141, 142, 171, 172, 184, 185, 247, 248], "summary": {"covered_lines": 34, "num_statements": 34, "percent_covered": 100.0, "percent_covered_display": "100", "missing_lines": 0, "excluded_lines": 0, "percent_statements_covered": 100.0, "percent_statements_covered_display": "100"}, "missing_lines": [], "excluded_lines": []}}, "classes": {"AuthenticationError": {"executed_lines": [], "summary": {"covered_lines": 0, "num_statements": 0, "percent_covered": 100.0, "percent_covered_display": "100", "missing_lines": 0, "excluded_lines": 0, "percent_statements_covered": 100.0, "percent_statements_covered_display": "100"}, "missing_lines": [], "excluded_lines": []}, "AuthManager": {"executed_lines": [], "summary": {"covered_lines": 0, "num_statements": 62, "percent_covered": 0.0, "percent_covered_display": "0", "missing_lines": 62, "excluded_lines": 0, "percent_statements_covered": 0.0, "percent_statements_covered_display": "0"}, "missing_lines": [28, 29, 30, 34, 38, 39, 41, 42, 43, 44, 45, 46, 47, 48, 49, 50, 51, 52, 53, 57, 58, 62, 63, 64, 66, 67, 68, 69, 71, 72, 74, 75, 82, 86, 87, 88, 89, 94, 95, 99, 100, 101, 102, 103, 104, 105, 107, 108, 110, 111, 112, 114, 115, 116, 117, 118, 119, 121, 122, 123, 124, 125], "excluded_lines": []}, "AuthResult": {"executed_lines": [], "summary": {"covered_lines": 0, "num_statements": 0, "percent_covered": 100.0, "percent_covered_display": "100", "missing_lines": 0, "excluded_lines": 0, "percent_statements_covered": 100.0, "percent_statements_covered_display": "100"}, "missing_lines": [], "excluded_lines": []}, "AuthService": {"executed_lines": [], "summary": {"covered_lines": 0, "num_statements": 62, "percent_covered": 0.0, "percent_covered_display": "0", "missing_lines": 62, "excluded_lines": 0, "percent_statements_covered": 0.0, "percent_statements_covered_display": "0"}, "missing_lines": [144, 146, 147, 149, 150, 151, 152, 153, 159, 160, 161, 167, 168, 169, 174, 176, 177, 178, 179, 180, 181, 182, 187, 189, 190, 192, 193, 194, 195, 196, 197, 199, 200, 201, 202, 204, 205, 206, 207, 208, 209, 210, 218, 219, 220, 221, 222, 224, 226, 235, 236, 237, 250, 252, 253, 254, 255, 256, 257, 258, 259, 260], "excluded_lines": []}, "": {"executed_lines": [1, 3, 4, 5, 6, 8, 9, 10, 11, 12, 14, 15, 18, 19, 21, 24, 25, 27, 32, 36, 55, 60, 84, 97, 128, 129, 130, 134, 135, 138, 139, 141, 142, 171, 172, 184, 185, 247, 248], "summary": {"covered_lines": 34, "num_statements": 34, "percent_covered": 100.0, "percent_covered_display": "100", "missing_lines": 0, "excluded_lines": 0, "percent_statements_covered": 100.0, "percent_statements_covered_display": "100"}, "missing_lines": [], "excluded_lines": []}}}, "src/kindle_sync/services/database_service.py": {"executed_lines": [1, 3, 4, 5, 7, 10, 11, 13, 16, 17, 19, 20, 21, 22, 24, 25, 26, 27, 29, 30, 31, 32, 34, 36, 37, 40, 71, 72, 75, 92, 95, 98, 107, 115, 117, 118, 119, 120, 130, 132, 133, 134, 135, 136, 137, 139, 140, 141, 142, 143, 145, 147, 148, 149, 150, 189, 193, 194, 195, 196, 208, 209, 210, 212, 240, 241, 242, 243, 256, 287, 289, 292, 294, 295, 296, 297, 298, 300, 346, 347, 348, 349, 350, 351, 352, 355, 357, 358, 359, 360, 370, 372, 374, 375, 376, 377, 402, 403, 404, 406, 408, 409, 410, 426, 442, 443, 444, 445, 448, 449, 451, 452, 453, 454, 455, 457, 458, 459, 460, 461, 462, 463, 464, 465, 469, 471, 472, 474, 475, 477, 478, 489, 490, 491, 492, 494, 495, 497, 525, 542, 554, 563, 579, 588, 604], "summary": {"covered_lines": 142, "num_statements": 212, "percent_covered": 66.98113207547169, "percent_covered_display": "67", "missing_lines": 70, "excluded_lines": 0, "percent_statements_covered": 66.98113207547169, "percent_statements_covered_display": "67"}, "missing_lines": [190, 191, 288, 290, 302, 303, 306, 327, 328, 329, 332, 333, 334, 335, 337, 338, 340, 341, 342, 343, 344, 353, 354, 466, 467, 527, 528, 533, 534, 535, 536, 540, 544, 545, 546, 548, 556, 557, 558, 559, 560, 561, 565, 566, 567, 577, 581, 582, 583, 584, 585, 586, 590, 591, 592, 602, 606, 607, 608, 610, 613, 614, 615, 617, 618, 621, 625, 626, 627, 628], "excluded_lines": [], "functions": {"DatabaseManager.__init__": {"executed_lines": [20, 21, 22], "summary": {"covered_lines": 3, "num_statements": 3, "percent_covered": 100.0, "percent_covered_display": "100", "missing_lines": 0, "excluded_lines": 0, "percent_statements_covered": 100.0, "percent_statements_covered_display": "100"}, "missing_lines": [], "excluded_lines": []}, "DatabaseManager.connect": {"executed_lines": [25, 26, 27], "summary": {"covered_lines": 3, "num_statements": 3, "percent_covered": 100.0, "percent_covered_display": "100", "missing_lines": 0, "excluded_lines": 0, "percent_statements_covered": 100.0, "percent_statements_covered_display": "100"}, "missing_lines": [], "excluded_lines": []}, "DatabaseManager.close": {"executed_lines": [30, 31, 32], "summary": {"covered_lines": 3, "num_statements": 3, "percent_covered": 100.0, "percent_covered_display": "100", "missing_lines": 0, "excluded_lines": 0, "percent_statements_covered": 100.0, "percent_statements_covered_display": "100"}, "missing_lines": [], "excluded_lines": []}, "DatabaseManager.init_schema": {"executed_lines": [36, 37, 40, 71, 72, 75, 92, 95, 98, 107, 115], "summary": {"covered_lines": 11, "num_statements": 11, "percent_covered": 100.0, "percent_covered_display": "100", "missing_lines": 0, "excluded_lines": 0, "percent_statements_covered": 100.0, "percent_statements_covered_display": "100"}, "missing_lines": [], "excluded_lines": []}, "DatabaseManager.save_session": {"executed_lines": [118, 119, 120, 130], "summary": {"covered_lines": 4, "num_statements": 4, "percent_covered": 100.0, "percent_covered_display": "100", "missing_lines": 0, "excluded_lines": 0, "percent_statements_covered": 100.0, "percent_statements_covered_display": "100"}, "missing_lines": [], "excluded_lines": []}, "DatabaseManager.get_session": {"executed_lines": [133, 134, 135, 136, 137], "summary": {"covered_lines": 5, "num_statements": 5, "percent_covered": 100.0, "percent_covered_display": "100", "missing_lines": 0, "excluded_lines": 0, "percent_statements_covered": 100.0, "percent_statements_covered_display": "100"}, "missing_lines": [], "excluded_lines": []}, "DatabaseManager.clear_session": {"executed_lines": [140, 141, 142, 143], "summary": {"covered_lines": 4, "num_statements": 4, "percent_covered": 100.0, "percent_covered_display": "100", "missing_lines": 0, "excluded_lines": 0, "percent_statements_covered": 100.0, "percent_statements_covered_display": "100"}, "missing_lines": [], "excluded_lines": []}, "DatabaseManager.insert_book": {"executed_lines": [147, 148, 149, 150, 189], "summary": {"covered_lines": 5, "num_statements": 7, "percent_covered": 71.42857142857143, "percent_covered_display": "71", "missing_lines": 2, "excluded_lines": 0, "percent_statements_covered": 71.42857142857143, "percent_statements_covered_display": "71"}, "missing_lines": [190, 191], "excluded_lines": []}, "DatabaseManager.get_book": {"executed_lines": [194, 195, 196, 208, 209, 210, 212], "summary": {"covered_lines": 7, "num_statements": 7, "percent_covered": 100.0, "percent_covered_display": "100", "missing_lines": 0, "excluded_lines": 0, "percent_statements_covered": 100.0, "percent_statements_covered_display": "100"}, "missing_lines": [], "excluded_lines": []}, "DatabaseManager.get_all_books": {"executed_lines": [241, 242, 243, 256, 287, 289, 292], "summary": {"covered_lines": 7, "num_statements": 9, "percent_covered": 77.77777777777777, "percent_covered_display": "78", "missing_lines": 2, "excluded_lines": 0, "percent_statements_covered": 77.77777777777777, "percent_statements_covered_display": "78"}, "missing_lines": [288, 290], "excluded_lines": []}, "DatabaseManager.book_exists": {"executed_lines": [295, 296, 297, 298], "summary": {"covered_lines": 4, "num_statements": 4, "percent_covered": 100.0, "percent_covered_display": "100", "missing_lines": 0, "excluded_lines": 0, "percent_statements_covered": 100.0, "percent_statements_covered_display": "100"}, "missing_lines": [], "excluded_lines": []}, "DatabaseManager.update_book_metadata": {"executed_lines": [], "summary": {"covered_lines": 0, "num_statements": 17, "percent_covered": 0.0, "percent_covered_display": "0", "missing_lines": 17, "excluded_lines": 0, "percent_statements_covered": 0.0, "percent_statements_covered_display": "0"}, "missing_lines": [302, 303, 306, 327, 328, 329, 332, 333, 334, 335, 337, 338, 340, 341, 342, 343, 344], "excluded_lines": []}, "DatabaseManager.get_last_sync": {"executed_lines": [347, 348, 349, 350, 351, 352, 355], "summary": {"covered_lines": 7, "num_statements": 9, "percent_covered": 77.77777777777777, "percent_covered_display": "78", "missing_lines": 2, "excluded_lines": 0, "percent_statements_covered": 77.77777777777777, "percent_statements_covered_display": "78"}, "missing_lines": [353, 354], "excluded_lines": []}, "DatabaseManager.set_last_sync": {"executed_lines": [358, 359, 360, 370], "summary": {"covered_lines": 4, "num_statements": 4, "percent_covered": 100.0, "percent_covered_display": "100", "missing_lines": 0, "excluded_lines": 0, "percent_statements_covered": 100.0, "percent_statements_covered_display": "100"}, "missing_lines": [], "excluded_lines": []}, "DatabaseManager.insert_highlight": {"executed_lines": [374, 375, 376, 377, 402, 403, 404], "summary": {"covered_lines": 7, "num_statements": 7, "percent_covered": 100.0, "percent_covered_display": "100", "missing_lines": 0, "excluded_lines": 0, "percent_statements_covered": 100.0, "percent_statements_covered_display": "100"}, "missing_lines": [], "excluded_lines": []}, "DatabaseManager.get_highlights": {"executed_lines": [408, 409, 410, 426], "summary": {"covered_lines": 4, "num_statements": 4, "percent_covered": 100.0, "percent_covered_display": "100", "missing_lines": 0, "excluded_lines": 0, "percent_statements_covered": 100.0, "percent_statements_covered_display": "100"}, "missing_lines": [], "excluded_lines": []}, "DatabaseManager.get_highlight_count": {"executed_lines": [443, 444, 445, 448, 449], "summary": {"covered_lines": 5, "num_statements": 5, "percent_covered": 100.0, "percent_covered_display": "100", "missing_lines": 0, "excluded_lines": 0, "percent_statements_covered": 100.0, "percent_statements_covered_display": "100"}, "missing_lines": [], "excluded_lines": []}, "DatabaseManager.highlight_exists": {"executed_lines": [452, 453, 454, 455], "summary": {"covered_lines": 4, "num_statements": 4, "percent_covered": 100.0, "percent_covered_display": "100", "missing_lines": 0, "excluded_lines": 0, "percent_statements_covered": 100.0, "percent_statements_covered_display": "100"}, "missing_lines": [], "excluded_lines": []}, "DatabaseManager.delete_highlights": {"executed_lines": [458, 459, 460, 461, 462, 463, 464, 465], "summary": {"covered_lines": 8, "num_statements": 10, "percent_covered": 80.0, "percent_covered_display": "80", "missing_lines": 2, "excluded_lines": 0, "percent_statements_covered": 80.0, "percent_statements_covered_display": "80"}, "missing_lines": [466, 467], "excluded_lines": []}, "DatabaseManager.search_highlights": {"executed_lines": [471, 472, 474, 475, 477, 478, 489, 490, 491, 492, 494, 495, 497], "summary": {"covered_lines": 13, "num_statements": 13, "percent_covered": 100.0, "percent_covered_display": "100", "missing_lines": 0, "excluded_lines": 0, "percent_statements_covered": 100.0, "percent_statements_covered_display": "100"}, "missing_lines": [], "excluded_lines": []}, "DatabaseManager.get_all_books_with_counts": {"executed_lines": [], "summary": {"covered_lines": 0, "num_statements": 7, "percent_covered": 0.0, "percent_covered_display": "0", "missing_lines": 7, "excluded_lines": 0, "percent_statements_covered": 0.0, "percent_statements_covered_display": "0"}, "missing_lines": [527, 528, 533, 534, 535, 536, 540], "excluded_lines": []}, "DatabaseManager.get_statistics": {"executed_lines": [], "summary": {"covered_lines": 0, "num_statements": 4, "percent_covered": 0.0, "percent_covered_display": "0", "missing_lines": 4, "excluded_lines": 0, "percent_statements_covered": 0.0, "percent_statements_covered_display": "0"}, "missing_lines": [544, 545, 546, 548], "excluded_lines": []}, "DatabaseManager.get_export_directory": {"executed_lines": [], "summary": {"covered_lines": 0, "num_statements": 6, "percent_covered": 0.0, "percent_covered_display": "0", "missing_lines": 6, "excluded_lines": 0, "percent_statements_covered": 0.0, "percent_statements_covered_display": "0"}, "missing_lines": [556, 557, 558, 559, 560, 561], "excluded_lines": []}, "DatabaseManager.set_export_directory": {"executed_lines": [], "summary": {"covered_lines": 0, "num_statements": 4, "percent_covered": 0.0, "percent_covered_display": "0", "missing_lines": 4, "excluded_lines": 0, "percent_statements_covered": 0.0, "percent_statements_covered_display": "0"}, "missing_lines": [565, 566, 567, 577], "excluded_lines": []}, "DatabaseManager.get_images_directory": {"executed_lines": [], "summary": {"covered_lines": 0, "num_statements": 6, "percent_covered": 0.0, "percent_covered_display": "0", "missing_lines": 6, "excluded_lines": 0, "percent_statements_covered": 0.0, "percent_statements_covered_display": "0"}, "missing_lines": [581, 582, 583, 584, 585, 586], "excluded_lines": []}, "DatabaseManager.set_images_directory": {"executed_lines": [], "summary": {"covered_lines": 0, "num_statements": 4, "percent_covered": 0.0, "percent_covered_display": "0", "missing_lines": 4, "excluded_lines": 0, "percent_statements_covered": 0.0, "percent_statements_covered_display": "0"}, "missing_lines": [590, 591, 592, 602], "excluded_lines": []}, "DatabaseManager.toggle_highlight_visibility": {"executed_lines": [], "summary": {"covered_lines": 0, "num_statements": 14, "percent_covered": 0.0, "percent_covered_display": "0", "missing_lines": 14, "excluded_lines": 0, "percent_statements_covered": 0.0, "percent_statements_covered_display": "0"}, "missing_lines": [606, 607, 608, 610, 613, 614, 615, 617, 618, 621, 625, 626, 627, 628], "excluded_lines": []}, "": {"executed_lines": [1, 3, 4, 5, 7, 10, 11, 13, 16, 17, 19, 24, 29, 34, 117, 132, 139, 145, 193, 240, 294, 300, 346, 357, 372, 406, 442, 451, 457, 469, 525, 542, 554, 563, 579, 588, 604], "summary": {"covered_lines": 34, "num_statements": 34, "percent_covered": 100.0, "percent_covered_display": "100", "missing_lines": 0, "excluded_lines": 0, "percent_statements_covered": 100.0, "percent_statements_covered_display": "100"}, "missing_lines": [], "excluded_lines": []}}, "classes": {"DatabaseError": {"executed_lines": [], "summary": {"covered_lines": 0, "num_statements": 0, "percent_covered": 100.0, "percent_covered_display": "100", "missing_lines": 0, "excluded_lines": 0, "percent_statements_covered": 100.0, "percent_statements_covered_display": "100"}, "missing_lines": [], "excluded_lines": []}, "DatabaseManager": {"executed_lines": [20, 21, 22, 25, 26, 27, 30, 31, 32, 36, 37, 40, 71, 72, 75, 92, 95, 98, 107, 115, 118, 119, 120, 130, 133, 134, 135, 136, 137, 140, 141, 142, 143, 147, 148, 149, 150, 189, 194, 195, 196, 208, 209, 210, 212, 241, 242, 243, 256, 287, 289, 292, 295, 296, 297, 298, 347, 348, 349, 350, 351, 352, 355, 358, 359, 360, 370, 374, 375, 376, 377, 402, 403, 404, 408, 409, 410, 426, 443, 444, 445, 448, 449, 452, 453, 454, 455, 458, 459, 460, 461, 462, 463, 464, 465, 471, 472, 474, 475, 477, 478, 489, 490, 491, 492, 494, 495, 497], "summary": {"covered_lines": 108, "num_statements": 178, "percent_covered": 60.674157303370784, "percent_covered_display": "61", "missing_lines": 70, "excluded_lines": 0, "percent_statements_covered": 60.674157303370784, "percent_statements_covered_display": "61"}, "missing_lines": [190, 191, 288, 290, 302, 303, 306, 327, 328, 329, 332, 333, 334, 335, 337, 338, 340, 341, 342, 343, 344, 353, 354, 466, 467, 527, 528, 533, 534, 535, 536, 540, 544, 545, 546, 548, 556, 557, 558, 559, 560, 561, 565, 566, 567, 577, 581, 582, 583, 584, 585, 586, 590, 591, 592, 602, 606, 607, 608, 610, 613, 614, 615, 617, 618, 621, 625, 626, 627, 628], "excluded_lines": []}, "": {"executed_lines": [1, 3, 4, 5, 7, 10, 11, 13, 16, 17, 19, 24, 29, 34, 117, 132, 139, 145, 193, 240, 294, 300, 346, 357, 372, 406, 442, 451, 457, 469, 525, 542, 554, 563, 579, 588, 604], "summary": {"covered_lines": 34, "num_statements": 34, "percent_covered": 100.0, "percent_covered_display": "100", "missing_lines": 0, "excluded_lines": 0, "percent_statements_covered": 100.0, "percent_statements_covered_display": "100"}, "missing_lines": [], "excluded_lines": []}}}, "src/kindle_sync/services/export_service.py": {"executed_lines": [1, 3, 4, 5, 6, 7, 9, 11, 12, 15, 16, 18, 21, 22, 23, 27, 28, 31, 32, 34, 35, 42, 44, 45, 47, 48, 49, 50, 54, 55, 57, 58, 59, 60, 63, 67, 75, 77, 78, 86, 88, 89, 91, 92, 93, 94, 98, 99, 104, 105, 107, 109, 110, 118, 120, 121, 123, 124, 125, 127, 128, 130, 131, 132, 133, 134, 135, 138, 142, 149, 150, 151, 152, 156, 158, 159, 163, 164, 167, 168, 170, 173, 179, 181, 182, 186, 188, 189, 193, 194, 195, 196, 197, 198, 199, 203, 204, 206, 207, 214, 215, 216, 217, 219, 221, 223, 224, 225, 227, 253, 262, 263, 265, 267, 268, 269, 282, 283, 284, 286, 322, 323, 325, 327, 328, 329, 343, 344, 345, 359, 361, 362, 363, 364, 367], "summary": {"covered_lines": 131, "num_statements": 147, "percent_covered": 89.1156462585034, "percent_covered_display": "89", "missing_lines": 16, "excluded_lines": 0, "percent_statements_covered": 89.1156462585034, "percent_statements_covered_display": "89"}, "missing_lines": [64, 65, 72, 73, 139, 140, 143, 153, 154, 165, 183, 184, 200, 201, 259, 260], "excluded_lines": [], "functions": {"ExportService.export_all": {"executed_lines": [42, 44, 45, 47, 48, 49, 50, 54, 55, 57, 58, 59, 60, 63, 67, 75], "summary": {"covered_lines": 16, "num_statements": 20, "percent_covered": 80.0, "percent_covered_display": "80", "missing_lines": 4, "excluded_lines": 0, "percent_statements_covered": 80.0, "percent_statements_covered_display": "80"}, "missing_lines": [64, 65, 72, 73], "excluded_lines": []}, "ExportService.export_book": {"executed_lines": [86, 88, 89, 91, 92, 93, 94, 98, 99, 104, 105, 107], "summary": {"covered_lines": 12, "num_statements": 12, "percent_covered": 100.0, "percent_covered_display": "100", "missing_lines": 0, "excluded_lines": 0, "percent_statements_covered": 100.0, "percent_statements_covered_display": "100"}, "missing_lines": [], "excluded_lines": []}, "ExportService.export_books": {"executed_lines": [118, 120, 121, 123, 124, 125, 127, 128, 130, 131, 132, 133, 134, 135, 138, 142, 149, 150, 151, 152, 156], "summary": {"covered_lines": 21, "num_statements": 26, "percent_covered": 80.76923076923077, "percent_covered_display": "81", "missing_lines": 5, "excluded_lines": 0, "percent_statements_covered": 80.76923076923077, "percent_statements_covered_display": "81"}, "missing_lines": [139, 140, 143, 153, 154], "excluded_lines": []}, "ExportService._export_single": {"executed_lines": [163, 164, 167, 168, 170, 173, 179, 181, 182, 186], "summary": {"covered_lines": 10, "num_statements": 13, "percent_covered": 76.92307692307692, "percent_covered_display": "77", "missing_lines": 3, "excluded_lines": 0, "percent_statements_covered": 76.92307692307692, "percent_statements_covered_display": "77"}, "missing_lines": [165, 183, 184], "excluded_lines": []}, "ExportService._generate_content": {"executed_lines": [193, 194, 195, 196, 197, 198, 199], "summary": {"covered_lines": 7, "num_statements": 9, "percent_covered": 77.77777777777777, "percent_covered_display": "78", "missing_lines": 2, "excluded_lines": 0, "percent_statements_covered": 77.77777777777777, "percent_statements_covered_display": "78"}, "missing_lines": [200, 201], "excluded_lines": []}, "ExportService._export_markdown": {"executed_lines": [206, 207, 214, 215, 216, 217, 219, 221, 223, 224, 225, 227, 253], "summary": {"covered_lines": 13, "num_statements": 15, "percent_covered": 86.66666666666667, "percent_covered_display": "87", "missing_lines": 2, "excluded_lines": 0, "percent_statements_covered": 86.66666666666667, "percent_statements_covered_display": "87"}, "missing_lines": [259, 260], "excluded_lines": []}, "ExportService._export_json": {"executed_lines": [265, 267, 268, 269, 282, 283, 284, 286], "summary": {"covered_lines": 8, "num_statements": 8, "percent_covered": 100.0, "percent_covered_display": "100", "missing_lines": 0, "excluded_lines": 0, "percent_statements_covered": 100.0, "percent_statements_covered_display": "100"}, "missing_lines": [], "excluded_lines": []}, "ExportService._export_csv": {"executed_lines": [325, 327, 328, 329, 343, 344, 345, 359], "summary": {"covered_lines": 8, "num_statements": 8, "percent_covered": 100.0, "percent_covered_display": "100", "missing_lines": 0, "excluded_lines": 0, "percent_statements_covered": 100.0, "percent_statements_covered_display": "100"}, "missing_lines": [], "excluded_lines": []}, "ExportService._generate_filename": {"executed_lines": [363, 364, 367], "summary": {"covered_lines": 3, "num_statements": 3, "percent_covered": 100.0, "percent_covered_display": "100", "missing_lines": 0, "excluded_lines": 0, "percent_statements_covered": 100.0, "percent_statements_covered_display": "100"}, "missing_lines": [], "excluded_lines": []}, "": {"executed_lines": [1, 3, 4, 5, 6, 7, 9, 11, 12, 15, 16, 18, 21, 22, 23, 27, 28, 31, 32, 34, 35, 77, 78, 109, 110, 158, 159, 188, 189, 203, 204, 262, 263, 322, 323, 361, 362], "summary": {"covered_lines": 33, "num_statements": 33, "percent_covered": 100.0, "percent_covered_display": "100", "missing_lines": 0, "excluded_lines": 0, "percent_statements_covered": 100.0, "percent_statements_covered_display": "100"}, "missing_lines": [], "excluded_lines": []}}, "classes": {"ExportError": {"executed_lines": [], "summary": {"covered_lines": 0, "num_statements": 0, "percent_covered": 100.0, "percent_covered_display": "100", "missing_lines": 0, "excluded_lines": 0, "percent_statements_covered": 100.0, "percent_statements_covered_display": "100"}, "missing_lines": [], "excluded_lines": []}, "ExportResult": {"executed_lines": [], "summary": {"covered_lines": 0, "num_statements": 0, "percent_covered": 100.0, "percent_covered_display": "100", "missing_lines": 0, "excluded_lines": 0, "percent_statements_covered": 100.0, "percent_statements_covered_display": "100"}, "missing_lines": [], "excluded_lines": []}, "ExportService": {"executed_lines": [42, 44, 45, 47, 48, 49, 50, 54, 55, 57, 58, 59, 60, 63, 67, 75, 86, 88, 89, 91, 92, 93, 94, 98, 99, 104, 105, 107, 118, 120, 121, 123, 124, 125, 127, 128, 130, 131, 132, 133, 134, 135, 138, 142, 149, 150, 151, 152, 156, 163, 164, 167, 168, 170, 173, 179, 181, 182, 186, 193, 194, 195, 196, 197, 198, 199, 206, 207, 214, 215, 216, 217, 219, 221, 223, 224, 225, 227, 253, 265, 267, 268, 269, 282, 283, 284, 286, 325, 327, 328, 329, 343, 344, 345, 359, 363, 364, 367], "summary": {"covered_lines": 98, "num_statements": 114, "percent_covered": 85.96491228070175, "percent_covered_display": "86", "missing_lines": 16, "excluded_lines": 0, "percent_statements_covered": 85.96491228070175, "percent_statements_covered_display": "86"}, "missing_lines": [64, 65, 72, 73, 139, 140, 143, 153, 154, 165, 183, 184, 200, 201, 259, 260], "excluded_lines": []}, "": {"executed_lines": [1, 3, 4, 5, 6, 7, 9, 11, 12, 15, 16, 18, 21, 22, 23, 27, 28, 31, 32, 34, 35, 77, 78, 109, 110, 158, 159, 188, 189, 203, 204, 262, 263, 322, 323, 361, 362], "summary": {"covered_lines": 33, "num_statements": 33, "percent_covered": 100.0, "percent_covered_display": "100", "missing_lines": 0, "excluded_lines": 0, "percent_statements_covered": 100.0, "percent_statements_covered_display": "100"}, "missing_lines": [], "excluded_lines": []}}}, "src/kindle_sync/services/image_service.py": {"executed_lines": [1, 3, 4, 5, 6, 8, 10, 11, 14, 15, 17, 20, 21, 22, 26, 27, 28, 31, 32, 33, 116, 117, 121, 122, 144, 145, 177, 178], "summary": {"covered_lines": 25, "num_statements": 95, "percent_covered": 26.31578947368421, "percent_covered_display": "26", "missing_lines": 70, "excluded_lines": 0, "percent_statements_covered": 26.31578947368421, "percent_statements_covered_display": "26"}, "missing_lines": [34, 36, 37, 39, 41, 42, 43, 46, 47, 50, 51, 52, 57, 58, 59, 60, 63, 66, 67, 70, 71, 73, 76, 77, 80, 82, 88, 89, 90, 91, 92, 93, 94, 96, 99, 100, 101, 102, 104, 111, 112, 114, 118, 119, 133, 134, 137, 139, 142, 159, 160, 161, 163, 164, 165, 166, 167, 168, 170, 172, 173, 174, 175, 188, 189, 190, 191, 192, 193, 195], "excluded_lines": [], "functions": {"ImageService.sync_all_images": {"executed_lines": [], "summary": {"covered_lines": 0, "num_statements": 42, "percent_covered": 0.0, "percent_covered_display": "0", "missing_lines": 42, "excluded_lines": 0, "percent_statements_covered": 0.0, "percent_statements_covered_display": "0"}, "missing_lines": [34, 36, 37, 39, 41, 42, 43, 46, 47, 50, 51, 52, 57, 58, 59, 60, 63, 66, 67, 70, 71, 73, 76, 77, 80, 82, 88, 89, 90, 91, 92, 93, 94, 96, 99, 100, 101, 102, 104, 111, 112, 114], "excluded_lines": []}, "ImageService._update_image_url": {"executed_lines": [], "summary": {"covered_lines": 0, "num_statements": 2, "percent_covered": 0.0, "percent_covered_display": "0", "missing_lines": 2, "excluded_lines": 0, "percent_statements_covered": 0.0, "percent_statements_covered_display": "0"}, "missing_lines": [118, 119], "excluded_lines": []}, "ImageService._get_filename_from_url": {"executed_lines": [], "summary": {"covered_lines": 0, "num_statements": 5, "percent_covered": 0.0, "percent_covered_display": "0", "missing_lines": 5, "excluded_lines": 0, "percent_statements_covered": 0.0, "percent_statements_covered_display": "0"}, "missing_lines": [133, 134, 137, 139, 142], "excluded_lines": []}, "ImageService._download_image": {"executed_lines": [], "summary": {"covered_lines": 0, "num_statements": 14, "percent_covered": 0.0, "percent_covered_display": "0", "missing_lines": 14, "excluded_lines": 0, "percent_statements_covered": 0.0, "percent_statements_covered_display": "0"}, "missing_lines": [159, 160, 161, 163, 164, 165, 166, 167, 168, 170, 172, 173, 174, 175], "excluded_lines": []}, "ImageService._format_bytes": {"executed_lines": [], "summary": {"covered_lines": 0, "num_statements": 7, "percent_covered": 0.0, "percent_covered_display": "0", "missing_lines": 7, "excluded_lines": 0, "percent_statements_covered": 0.0, "percent_statements_covered_display": "0"}, "missing_lines": [188, 189, 190, 191, 192, 193, 195], "excluded_lines": []}, "": {"executed_lines": [1, 3, 4, 5, 6, 8, 10, 11, 14, 15, 17, 20, 21, 22, 26, 27, 28, 31, 32, 33, 116, 117, 121, 122, 144, 145, 177, 178], "summary": {"covered_lines": 25, "num_statements": 25, "percent_covered": 100.0, "percent_covered_display": "100", "missing_lines": 0, "excluded_lines": 0, "percent_statements_covered": 100.0, "percent_statements_covered_display": "100"}, "missing_lines": [], "excluded_lines": []}}, "classes": {"ImageError": {"executed_lines": [], "summary": {"covered_lines": 0, "num_statements": 0, "percent_covered": 100.0, "percent_covered_display": "100", "missing_lines": 0, "excluded_lines": 0, "percent_statements_covered": 100.0, "percent_statements_covered_display": "100"}, "missing_lines": [], "excluded_lines": []}, "ImageResult": {"executed_lines": [], "summary": {"covered_lines": 0, "num_statements": 0, "percent_covered": 100.0, "percent_covered_display": "100", "missing_lines": 0, "excluded_lines": 0, "percent_statements_covered": 100.0, "percent_statements_covered_display": "100"}, "missing_lines": [], "excluded_lines": []}, "ImageService": {"executed_lines": [], "summary": {"covered_lines": 0, "num_statements": 70, "percent_covered": 0.0, "percent_covered_display": "0", "missing_lines": 70, "excluded_lines": 0, "percent_statements_covered": 0.0, "percent_statements_covered_display": "0"}, "missing_lines": [34, 36, 37, 39, 41, 42, 43, 46, 47, 50, 51, 52, 57, 58, 59, 60, 63, 66, 67, 70, 71, 73, 76, 77, 80, 82, 88, 89, 90, 91, 92, 93, 94, 96, 99, 100, 101, 102, 104, 111, 112, 114, 118, 119, 133, 134, 137, 139, 142, 159, 160, 161, 163, 164, 165, 166, 167, 168, 170, 172, 173, 174, 175, 188, 189, 190, 191, 192, 193, 195], "excluded_lines": []}, "": {"executed_lines": [1, 3, 4, 5, 6, 8, 10, 11, 14, 15, 17, 20, 21, 22, 26, 27, 28, 31, 32, 33, 116, 117, 121, 122, 144, 145, 177, 178], "summary": {"covered_lines": 25, "num_statements": 25, "percent_covered": 100.0, "percent_covered_display": "100", "missing_lines": 0, "excluded_lines": 0, "percent_statements_covered": 100.0, "percent_statements_covered_display": "100"}, "missing_lines": [], "excluded_lines": []}}}, "src/kindle_sync/services/scraper_service.py": {"executed_lines": [1, 3, 4, 5, 7, 8, 10, 11, 12, 15, 16, 18, 21, 22, 24, 25, 26, 27, 29, 30, 33, 34, 35, 36, 38, 40, 42, 43, 45, 46, 47, 49, 50, 57, 58, 59, 60, 61, 62, 63, 64, 65, 66, 69, 70, 71, 73, 74, 75, 76, 77, 82, 83, 87, 89, 91, 92, 96, 97, 98, 99, 100, 117, 118, 120, 121, 122, 124, 125, 128, 129, 130, 132, 134, 138, 140, 141, 142, 143, 144, 145, 146, 147, 149, 150, 152, 153, 155, 156, 157, 158, 162, 163, 165, 166, 167, 169, 170, 171, 173, 175, 178, 179, 183, 186, 187, 188, 189, 194, 195, 196, 198, 201, 202, 203, 205, 206, 207, 214, 216, 228, 274, 276, 277, 279, 281, 282, 283, 284, 285, 286, 290, 291, 292, 294, 295, 296, 297, 299, 300, 301, 302, 304, 316, 324, 326, 327, 328, 333, 336, 339, 348, 351, 352, 353, 354, 356, 358, 359, 414, 416, 417, 418, 420, 421, 422, 423, 438, 440, 441, 442, 443, 444, 446], "summary": {"covered_lines": 171, "num_statements": 272, "percent_covered": 62.86764705882353, "percent_covered_display": "63", "missing_lines": 101, "excluded_lines": 0, "percent_statements_covered": 62.86764705882353, "percent_statements_covered_display": "63"}, "missing_lines": [78, 79, 85, 95, 102, 105, 106, 108, 109, 110, 111, 112, 113, 115, 154, 159, 160, 180, 190, 191, 208, 209, 210, 211, 230, 231, 232, 234, 235, 236, 237, 239, 240, 241, 242, 243, 244, 245, 247, 248, 249, 251, 252, 253, 254, 256, 257, 259, 278, 287, 288, 329, 330, 331, 340, 341, 343, 344, 345, 369, 370, 371, 373, 374, 377, 379, 384, 385, 386, 387, 388, 389, 390, 391, 392, 393, 395, 400, 401, 402, 403, 404, 405, 406, 408, 410, 411, 412, 424, 425, 426, 427, 428, 429, 430, 431, 432, 433, 434, 435, 436], "excluded_lines": [], "functions": {"KindleScraper.__init__": {"executed_lines": [25, 26, 27], "summary": {"covered_lines": 3, "num_statements": 3, "percent_covered": 100.0, "percent_covered_display": "100", "missing_lines": 0, "excluded_lines": 0, "percent_statements_covered": 100.0, "percent_statements_covered_display": "100"}, "missing_lines": [], "excluded_lines": []}, "KindleScraper.scrape_books": {"executed_lines": [33, 34, 35, 36, 38], "summary": {"covered_lines": 5, "num_statements": 5, "percent_covered": 100.0, "percent_covered_display": "100", "missing_lines": 0, "excluded_lines": 0, "percent_statements_covered": 100.0, "percent_statements_covered_display": "100"}, "missing_lines": [], "excluded_lines": []}, "KindleScraper._scrape_books_via_api": {"executed_lines": [42, 43, 45, 46, 47, 49, 50, 57, 58, 59, 60, 61, 62, 63, 64, 65, 66, 69, 70, 71, 73, 74, 75, 76, 77, 82, 83, 87], "summary": {"covered_lines": 28, "num_statements": 31, "percent_covered": 90.3225806451613, "percent_covered_display": "90", "missing_lines": 3, "excluded_lines": 0, "percent_statements_covered": 90.3225806451613, "percent_statements_covered_display": "90"}, "missing_lines": [78, 79, 85], "excluded_lines": []}, "KindleScraper._scrape_books_via_html": {"executed_lines": [91, 92, 96, 97, 98, 99, 100], "summary": {"covered_lines": 7, "num_statements": 18, "percent_covered": 38.888888888888886, "percent_covered_display": "39", "missing_lines": 11, "excluded_lines": 0, "percent_statements_covered": 38.888888888888886, "percent_statements_covered_display": "39"}, "missing_lines": [95, 102, 105, 106, 108, 109, 110, 111, 112, 113, 115], "excluded_lines": []}, "KindleScraper.scrape_highlights": {"executed_lines": [120, 121, 122, 124, 125, 128, 129, 130, 132], "summary": {"covered_lines": 9, "num_statements": 9, "percent_covered": 100.0, "percent_covered_display": "100", "missing_lines": 0, "excluded_lines": 0, "percent_statements_covered": 100.0, "percent_statements_covered_display": "100"}, "missing_lines": [], "excluded_lines": []}, "KindleScraper._scrape_highlights_page": {"executed_lines": [138, 140, 141, 142, 143, 144, 145, 146, 147, 149, 150, 152, 153, 155, 156, 157, 158, 162, 163, 165, 166, 167, 169, 170, 171, 173], "summary": {"covered_lines": 26, "num_statements": 29, "percent_covered": 89.65517241379311, "percent_covered_display": "90", "missing_lines": 3, "excluded_lines": 0, "percent_statements_covered": 89.65517241379311, "percent_statements_covered_display": "90"}, "missing_lines": [154, 159, 160], "excluded_lines": []}, "KindleScraper._parse_book_from_api": {"executed_lines": [178, 179, 183, 186, 187, 188, 189, 194, 195, 196, 198, 201, 202, 203, 205, 206, 207, 214, 216], "summary": {"covered_lines": 19, "num_statements": 26, "percent_covered": 73.07692307692308, "percent_covered_display": "73", "missing_lines": 7, "excluded_lines": 0, "percent_statements_covered": 73.07692307692308, "percent_statements_covered_display": "73"}, "missing_lines": [180, 190, 191, 208, 209, 210, 211], "excluded_lines": []}, "KindleScraper._parse_book_element": {"executed_lines": [], "summary": {"covered_lines": 0, "num_statements": 24, "percent_covered": 0.0, "percent_covered_display": "0", "missing_lines": 24, "excluded_lines": 0, "percent_statements_covered": 0.0, "percent_statements_covered_display": "0"}, "missing_lines": [230, 231, 232, 234, 235, 236, 237, 239, 240, 241, 242, 243, 244, 245, 247, 248, 249, 251, 252, 253, 254, 256, 257, 259], "excluded_lines": []}, "KindleScraper._parse_highlight_element": {"executed_lines": [276, 277, 279, 281, 282, 283, 284, 285, 286, 290, 291, 292, 294, 295, 296, 297, 299, 300, 301, 302, 304], "summary": {"covered_lines": 21, "num_statements": 24, "percent_covered": 87.5, "percent_covered_display": "88", "missing_lines": 3, "excluded_lines": 0, "percent_statements_covered": 87.5, "percent_statements_covered_display": "88"}, "missing_lines": [278, 287, 288], "excluded_lines": []}, "KindleScraper._scrape_isbn": {"executed_lines": [324, 326, 327, 328, 333, 336, 339, 348, 351, 352, 353, 354, 356], "summary": {"covered_lines": 13, "num_statements": 21, "percent_covered": 61.904761904761905, "percent_covered_display": "62", "missing_lines": 8, "excluded_lines": 0, "percent_statements_covered": 61.904761904761905, "percent_statements_covered_display": "62"}, "missing_lines": [329, 330, 331, 340, 341, 343, 344, 345], "excluded_lines": []}, "KindleScraper._scrape_goodreads_metadata": {"executed_lines": [], "summary": {"covered_lines": 0, "num_statements": 29, "percent_covered": 0.0, "percent_covered_display": "0", "missing_lines": 29, "excluded_lines": 0, "percent_statements_covered": 0.0, "percent_statements_covered_display": "0"}, "missing_lines": [369, 370, 371, 373, 374, 377, 379, 384, 385, 386, 387, 388, 389, 390, 391, 392, 393, 395, 400, 401, 402, 403, 404, 405, 406, 408, 410, 411, 412], "excluded_lines": []}, "KindleScraper._parse_date": {"executed_lines": [416, 417, 418, 420, 421, 422, 423, 438, 440, 441, 442, 443, 444, 446], "summary": {"covered_lines": 14, "num_statements": 27, "percent_covered": 51.851851851851855, "percent_covered_display": "52", "missing_lines": 13, "excluded_lines": 0, "percent_statements_covered": 51.851851851851855, "percent_statements_covered_display": "52"}, "missing_lines": [424, 425, 426, 427, 428, 429, 430, 431, 432, 433, 434, 435, 436], "excluded_lines": []}, "": {"executed_lines": [1, 3, 4, 5, 7, 8, 10, 11, 12, 15, 16, 18, 21, 22, 24, 29, 30, 40, 89, 117, 118, 134, 175, 228, 274, 316, 358, 359, 414], "summary": {"covered_lines": 26, "num_statements": 26, "percent_covered": 100.0, "percent_covered_display": "100", "missing_lines": 0, "excluded_lines": 0, "percent_statements_covered": 100.0, "percent_statements_covered_display": "100"}, "missing_lines": [], "excluded_lines": []}}, "classes": {"ScraperError": {"executed_lines": [], "summary": {"covered_lines": 0, "num_statements": 0, "percent_covered": 100.0, "percent_covered_display": "100", "missing_lines": 0, "excluded_lines": 0, "percent_statements_covered": 100.0, "percent_statements_covered_display": "100"}, "missing_lines": [], "excluded_lines": []}, "KindleScraper": {"executed_lines": [25, 26, 27, 33, 34, 35, 36, 38, 42, 43, 45, 46, 47, 49, 50, 57, 58, 59, 60, 61, 62, 63, 64, 65, 66, 69, 70, 71, 73, 74, 75, 76, 77, 82, 83, 87, 91, 92, 96, 97, 98, 99, 100, 120, 121, 122, 124, 125, 128, 129, 130, 132, 138, 140, 141, 142, 143, 144, 145, 146, 147, 149, 150, 152, 153, 155, 156, 157, 158, 162, 163, 165, 166, 167, 169, 170, 171, 173, 178, 179, 183, 186, 187, 188, 189, 194, 195, 196, 198, 201, 202, 203, 205, 206, 207, 214, 216, 276, 277, 279, 281, 282, 283, 284, 285, 286, 290, 291, 292, 294, 295, 296, 297, 299, 300, 301, 302, 304, 324, 326, 327, 328, 333, 336, 339, 348, 351, 352, 353, 354, 356, 416, 417, 418, 420, 421, 422, 423, 438, 440, 441, 442, 443, 444, 446], "summary": {"covered_lines": 145, "num_statements": 246, "percent_covered": 58.94308943089431, "percent_covered_display": "59", "missing_lines": 101, "excluded_lines": 0, "percent_statements_covered": 58.94308943089431, "percent_statements_covered_display": "59"}, "missing_lines": [78, 79, 85, 95, 102, 105, 106, 108, 109, 110, 111, 112, 113, 115, 154, 159, 160, 180, 190, 191, 208, 209, 210, 211, 230, 231, 232, 234, 235, 236, 237, 239, 240, 241, 242, 243, 244, 245, 247, 248, 249, 251, 252, 253, 254, 256, 257, 259, 278, 287, 288, 329, 330, 331, 340, 341, 343, 344, 345, 369, 370, 371, 373, 374, 377, 379, 384, 385, 386, 387, 388, 389, 390, 391, 392, 393, 395, 400, 401, 402, 403, 404, 405, 406, 408, 410, 411, 412, 424, 425, 426, 427, 428, 429, 430, 431, 432, 433, 434, 435, 436], "excluded_lines": []}, "": {"executed_lines": [1, 3, 4, 5, 7, 8, 10, 11, 12, 15, 16, 18, 21, 22, 24, 29, 30, 40, 89, 117, 118, 134, 175, 228, 274, 316, 358, 359, 414], "summary": {"covered_lines": 26, "num_statements": 26, "percent_covered": 100.0, "percent_covered_display": "100", "missing_lines": 0, "excluded_lines": 0, "percent_statements_covered": 100.0, "percent_statements_covered_display": "100"}, "missing_lines": [], "excluded_lines": []}}}, "src/kindle_sync/services/sync_service.py": {"executed_lines": [1, 3, 4, 5, 7, 8, 9, 10, 13, 14, 15, 25, 26, 27, 31, 32, 33, 34, 35, 38, 39, 41, 42], "summary": {"covered_lines": 19, "num_statements": 84, "percent_covered": 22.61904761904762, "percent_covered_display": "23", "missing_lines": 65, "excluded_lines": 0, "percent_statements_covered": 22.61904761904762, "percent_statements_covered_display": "23"}, "missing_lines": [49, 50, 52, 53, 54, 55, 56, 57, 61, 64, 66, 67, 69, 70, 71, 72, 74, 75, 76, 77, 78, 85, 86, 88, 91, 92, 94, 95, 96, 97, 98, 99, 105, 106, 107, 108, 112, 113, 114, 116, 117, 118, 122, 123, 124, 125, 127, 128, 129, 130, 131, 133, 134, 135, 137, 138, 140, 151, 152, 154, 155, 157, 165, 166, 167], "excluded_lines": [], "functions": {"SyncService.sync": {"executed_lines": [], "summary": {"covered_lines": 0, "num_statements": 65, "percent_covered": 0.0, "percent_covered_display": "0", "missing_lines": 65, "excluded_lines": 0, "percent_statements_covered": 0.0, "percent_statements_covered_display": "0"}, "missing_lines": [49, 50, 52, 53, 54, 55, 56, 57, 61, 64, 66, 67, 69, 70, 71, 72, 74, 75, 76, 77, 78, 85, 86, 88, 91, 92, 94, 95, 96, 97, 98, 99, 105, 106, 107, 108, 112, 113, 114, 116, 117, 118, 122, 123, 124, 125, 127, 128, 129, 130, 131, 133, 134, 135, 137, 138, 140, 151, 152, 154, 155, 157, 165, 166, 167], "excluded_lines": []}, "": {"executed_lines": [1, 3, 4, 5, 7, 8, 9, 10, 13, 14, 15, 25, 26, 27, 31, 32, 33, 34, 35, 38, 39, 41, 42], "summary": {"covered_lines": 19, "num_statements": 19, "percent_covered": 100.0, "percent_covered_display": "100", "missing_lines": 0, "excluded_lines": 0, "percent_statements_covered": 100.0, "percent_statements_covered_display": "100"}, "missing_lines": [], "excluded_lines": []}}, "classes": {"BookSyncDetail": {"executed_lines": [], "summary": {"covered_lines": 0, "num_statements": 0, "percent_covered": 100.0, "percent_covered_display": "100", "missing_lines": 0, "excluded_lines": 0, "percent_statements_covered": 100.0, "percent_statements_covered_display": "100"}, "missing_lines": [], "excluded_lines": []}, "SyncResult": {"executed_lines": [], "summary": {"covered_lines": 0, "num_statements": 0, "percent_covered": 100.0, "percent_covered_display": "100", "missing_lines": 0, "excluded_lines": 0, "percent_statements_covered": 100.0, "percent_statements_covered_display": "100"}, "missing_lines": [], "excluded_lines": []}, "SyncService": {"executed_lines": [], "summary": {"covered_lines": 0, "num_statements": 65, "percent_covered": 0.0, "percent_covered_display": "0", "missing_lines": 65, "excluded_lines": 0, "percent_statements_covered": 0.0, "percent_statements_covered_display": "0"}, "missing_lines": [49, 50, 52, 53, 54, 55, 56, 57, 61, 64, 66, 67, 69, 70, 71, 72, 74, 75, 76, 77, 78, 85, 86, 88, 91, 92, 94, 95, 96, 97, 98, 99, 105, 106, 107, 108, 112, 113, 114, 116, 117, 118, 122, 123, 124, 125, 127, 128, 129, 130, 131, 133, 134, 135, 137, 138, 140, 151, 152, 154, 155, 157, 165, 166, 167], "excluded_lines": []}, "": {"executed_lines": [1, 3, 4, 5, 7, 8, 9, 10, 13, 14, 15, 25, 26, 27, 31, 32, 33, 34, 35, 38, 39, 41, 42], "summary": {"covered_lines": 19, "num_statements": 19, "percent_covered": 100.0, "percent_covered_display": "100", "missing_lines": 0, "excluded_lines": 0, "percent_statements_covered": 100.0, "percent_statements_covered_display": "100"}, "missing_lines": [], "excluded_lines": []}}}, "src/kindle_sync/utils.py": {"executed_lines": [1, 3, 4, 5, 6, 7, 10, 26, 27, 28, 31, 47, 50, 51, 54, 57, 58, 60, 63, 65, 66, 69, 72, 74, 77, 101, 102, 103, 104, 105, 107, 108, 109, 110, 111, 112, 113, 114, 115, 120, 122], "summary": {"covered_lines": 40, "num_statements": 41, "percent_covered": 97.5609756097561, "percent_covered_display": "98", "missing_lines": 1, "excluded_lines": 0, "percent_statements_covered": 97.5609756097561, "percent_statements_covered_display": "98"}, "missing_lines": [118], "excluded_lines": [], "functions": {"sha": {"executed_lines": [26, 27, 28], "summary": {"covered_lines": 3, "num_statements": 3, "percent_covered": 100.0, "percent_covered_display": "100", "missing_lines": 0, "excluded_lines": 0, "percent_statements_covered": 100.0, "percent_statements_covered_display": "100"}, "missing_lines": [], "excluded_lines": []}, "slugify": {"executed_lines": [47, 50, 51, 54, 57, 58, 60], "summary": {"covered_lines": 7, "num_statements": 7, "percent_covered": 100.0, "percent_covered_display": "100", "missing_lines": 0, "excluded_lines": 0, "percent_statements_covered": 100.0, "percent_statements_covered_display": "100"}, "missing_lines": [], "excluded_lines": []}, "sanitize_filename": {"executed_lines": [65, 66, 69, 72, 74], "summary": {"covered_lines": 5, "num_statements": 5, "percent_covered": 100.0, "percent_covered_display": "100", "missing_lines": 0, "excluded_lines": 0, "percent_statements_covered": 100.0, "percent_statements_covered_display": "100"}, "missing_lines": [], "excluded_lines": []}, "retry": {"executed_lines": [101, 102, 122], "summary": {"covered_lines": 3, "num_statements": 3, "percent_covered": 100.0, "percent_covered_display": "100", "missing_lines": 0, "excluded_lines": 0, "percent_statements_covered": 100.0, "percent_statements_covered_display": "100"}, "missing_lines": [], "excluded_lines": []}, "retry.decorator": {"executed_lines": [103, 120], "summary": {"covered_lines": 2, "num_statements": 2, "percent_covered": 100.0, "percent_covered_display": "100", "missing_lines": 0, "excluded_lines": 0, "percent_statements_covered": 100.0, "percent_statements_covered_display": "100"}, "missing_lines": [], "excluded_lines": []}, "retry.decorator.wrapper": {"executed_lines": [104, 105, 107, 108, 109, 110, 111, 112, 113, 114, 115], "summary": {"covered_lines": 11, "num_statements": 12, "percent_covered": 91.66666666666667, "percent_covered_display": "92", "missing_lines": 1, "excluded_lines": 0, "percent_statements_covered": 91.66666666666667, "percent_statements_covered_display": "92"}, "missing_lines": [118], "excluded_lines": []}, "": {"executed_lines": [1, 3, 4, 5, 6, 7, 10, 31, 63, 77], "summary": {"covered_lines": 9, "num_statements": 9, "percent_covered": 100.0, "percent_covered_display": "100", "missing_lines": 0, "excluded_lines": 0, "percent_statements_covered": 100.0, "percent_statements_covered_display": "100"}, "missing_lines": [], "excluded_lines": []}}, "classes": {"": {"executed_lines": [1, 3, 4, 5, 6, 7, 10, 26, 27, 28, 31, 47, 50, 51, 54, 57, 58, 60, 63, 65, 66, 69, 72, 74, 77, 101, 102, 103, 104, 105, 107, 108, 109, 110, 111, 112, 113, 114, 115, 120, 122], "summary": {"covered_lines": 40, "num_statements": 41, "percent_covered": 97.5609756097561, "percent_covered_display": "98", "missing_lines": 1, "excluded_lines": 0, "percent_statements_covered": 97.5609756097561, "percent_statements_covered_display": "98"}, "missing_lines": [118], "excluded_lines": []}}}, "src/kindle_sync/web.py": {"executed_lines": [1, 3, 4, 6, 8, 9, 10, 13, 22, 25, 26, 29, 32, 35, 36, 37, 39, 41, 42, 43, 45, 46, 48, 49, 50, 52, 53, 56, 58, 60, 61, 64, 65, 69, 71, 73, 74, 77, 78, 82, 84, 90, 92, 94, 97, 98, 100, 111, 112, 114, 115, 118, 119, 120, 121, 129, 131, 138, 139, 141, 142, 143, 144, 146, 148, 154, 155, 157, 158, 160, 162, 164, 167, 170, 171, 172, 173, 174, 176, 184, 185, 189, 190, 214, 215, 220, 221, 248, 249, 260, 261, 297, 298, 345, 346, 359, 360, 385, 386, 399, 400, 425, 426, 460, 461, 482, 483, 505, 506, 534, 535, 582, 583, 622, 625], "summary": {"covered_lines": 114, "num_statements": 237, "percent_covered": 48.10126582278481, "percent_covered_display": "48", "missing_lines": 123, "excluded_lines": 0, "percent_statements_covered": 48.10126582278481, "percent_statements_covered_display": "48"}, "missing_lines": [30, 59, 62, 66, 67, 72, 75, 79, 80, 95, 187, 192, 194, 195, 198, 199, 202, 205, 206, 208, 217, 218, 223, 224, 226, 227, 228, 229, 238, 239, 251, 252, 263, 264, 265, 268, 271, 283, 300, 301, 302, 303, 304, 306, 307, 315, 316, 317, 318, 327, 328, 332, 336, 348, 350, 351, 354, 355, 357, 362, 363, 365, 366, 374, 375, 377, 388, 390, 391, 394, 395, 397, 402, 403, 405, 406, 414, 415, 417, 428, 429, 431, 432, 435, 436, 437, 438, 446, 448, 463, 464, 465, 466, 473, 474, 485, 486, 488, 489, 490, 496, 497, 508, 509, 510, 512, 537, 538, 539, 540, 548, 550, 585, 586, 588, 589, 593, 594, 596, 633, 634, 635, 636], "excluded_lines": [], "functions": {"create_app": {"executed_lines": [22, 25, 26, 29, 32, 35, 36, 37, 39, 45, 46, 52, 53, 111, 112, 138, 139, 154, 155, 184, 185, 189, 190, 214, 215, 220, 221, 248, 249, 260, 261, 297, 298, 345, 346, 359, 360, 385, 386, 399, 400, 425, 426, 460, 461, 482, 483, 505, 506, 534, 535, 582, 583, 622], "summary": {"covered_lines": 54, "num_statements": 55, "percent_covered": 98.18181818181819, "percent_covered_display": "98", "missing_lines": 1, "excluded_lines": 0, "percent_statements_covered": 98.18181818181819, "percent_statements_covered_display": "98"}, "missing_lines": [30], "excluded_lines": []}, "create_app.get_db": {"executed_lines": [41, 42, 43], "summary": {"covered_lines": 3, "num_statements": 3, "percent_covered": 100.0, "percent_covered_display": "100", "missing_lines": 0, "excluded_lines": 0, "percent_statements_covered": 100.0, "percent_statements_covered_display": "100"}, "missing_lines": [], "excluded_lines": []}, "create_app.close_db": {"executed_lines": [48, 49, 50], "summary": {"covered_lines": 3, "num_statements": 3, "percent_covered": 100.0, "percent_covered_display": "100", "missing_lines": 0, "excluded_lines": 0, "percent_statements_covered": 100.0, "percent_statements_covered_display": "100"}, "missing_lines": [], "excluded_lines": []}, "create_app.utility_processor": {"executed_lines": [56, 69, 82, 92, 100], "summary": {"covered_lines": 5, "num_statements": 5, "percent_covered": 100.0, "percent_covered_display": "100", "missing_lines": 0, "excluded_lines": 0, "percent_statements_covered": 100.0, "percent_statements_covered_display": "100"}, "missing_lines": [], "excluded_lines": []}, "create_app.utility_processor.format_date": {"executed_lines": [58, 60, 61, 64, 65], "summary": {"covered_lines": 5, "num_statements": 9, "percent_covered": 55.55555555555556, "percent_covered_display": "56", "missing_lines": 4, "excluded_lines": 0, "percent_statements_covered": 55.55555555555556, "percent_statements_covered_display": "56"}, "missing_lines": [59, 62, 66, 67], "excluded_lines": []}, "create_app.utility_processor.format_datetime": {"executed_lines": [71, 73, 74, 77, 78], "summary": {"covered_lines": 5, "num_statements": 9, "percent_covered": 55.55555555555556, "percent_covered_display": "56", "missing_lines": 4, "excluded_lines": 0, "percent_statements_covered": 55.55555555555556, "percent_statements_covered_display": "56"}, "missing_lines": [72, 75, 79, 80], "excluded_lines": []}, "create_app.utility_processor.color_class": {"executed_lines": [84, 90], "summary": {"covered_lines": 2, "num_statements": 2, "percent_covered": 100.0, "percent_covered_display": "100", "missing_lines": 0, "excluded_lines": 0, "percent_statements_covered": 100.0, "percent_statements_covered_display": "100"}, "missing_lines": [], "excluded_lines": []}, "create_app.utility_processor.get_local_image_url": {"executed_lines": [94, 97, 98], "summary": {"covered_lines": 3, "num_statements": 4, "percent_covered": 75.0, "percent_covered_display": "75", "missing_lines": 1, "excluded_lines": 0, "percent_statements_covered": 75.0, "percent_statements_covered_display": "75"}, "missing_lines": [95], "excluded_lines": []}, "create_app.index": {"executed_lines": [114, 115, 118, 119, 120, 121, 129, 131], "summary": {"covered_lines": 8, "num_statements": 8, "percent_covered": 100.0, "percent_covered_display": "100", "missing_lines": 0, "excluded_lines": 0, "percent_statements_covered": 100.0, "percent_statements_covered_display": "100"}, "missing_lines": [], "excluded_lines": []}, "create_app.book": {"executed_lines": [141, 142, 143, 144, 146, 148], "summary": {"covered_lines": 6, "num_statements": 6, "percent_covered": 100.0, "percent_covered_display": "100", "missing_lines": 0, "excluded_lines": 0, "percent_statements_covered": 100.0, "percent_statements_covered_display": "100"}, "missing_lines": [], "excluded_lines": []}, "create_app.search": {"executed_lines": [157, 158, 160, 162, 164, 167, 170, 171, 172, 173, 174, 176], "summary": {"covered_lines": 12, "num_statements": 12, "percent_covered": 100.0, "percent_covered_display": "100", "missing_lines": 0, "excluded_lines": 0, "percent_statements_covered": 100.0, "percent_statements_covered_display": "100"}, "missing_lines": [], "excluded_lines": []}, "create_app.settings": {"executed_lines": [], "summary": {"covered_lines": 0, "num_statements": 1, "percent_covered": 0.0, "percent_covered_display": "0", "missing_lines": 1, "excluded_lines": 0, "percent_statements_covered": 0.0, "percent_statements_covered_display": "0"}, "missing_lines": [187], "excluded_lines": []}, "create_app.serve_image": {"executed_lines": [], "summary": {"covered_lines": 0, "num_statements": 9, "percent_covered": 0.0, "percent_covered_display": "0", "missing_lines": 9, "excluded_lines": 0, "percent_statements_covered": 0.0, "percent_statements_covered_display": "0"}, "missing_lines": [192, 194, 195, 198, 199, 202, 205, 206, 208], "excluded_lines": []}, "create_app.api_status": {"executed_lines": [], "summary": {"covered_lines": 0, "num_statements": 2, "percent_covered": 0.0, "percent_covered_display": "0", "missing_lines": 2, "excluded_lines": 0, "percent_statements_covered": 0.0, "percent_statements_covered_display": "0"}, "missing_lines": [217, 218], "excluded_lines": []}, "create_app.api_login": {"executed_lines": [], "summary": {"covered_lines": 0, "num_statements": 8, "percent_covered": 0.0, "percent_covered_display": "0", "missing_lines": 8, "excluded_lines": 0, "percent_statements_covered": 0.0, "percent_statements_covered_display": "0"}, "missing_lines": [223, 224, 226, 227, 228, 229, 238, 239], "excluded_lines": []}, "create_app.api_logout": {"executed_lines": [], "summary": {"covered_lines": 0, "num_statements": 2, "percent_covered": 0.0, "percent_covered_display": "0", "missing_lines": 2, "excluded_lines": 0, "percent_statements_covered": 0.0, "percent_statements_covered_display": "0"}, "missing_lines": [251, 252], "excluded_lines": []}, "create_app.api_sync": {"executed_lines": [], "summary": {"covered_lines": 0, "num_statements": 6, "percent_covered": 0.0, "percent_covered_display": "0", "missing_lines": 6, "excluded_lines": 0, "percent_statements_covered": 0.0, "percent_statements_covered_display": "0"}, "missing_lines": [263, 264, 265, 268, 271, 283], "excluded_lines": []}, "create_app.api_export": {"executed_lines": [], "summary": {"covered_lines": 0, "num_statements": 15, "percent_covered": 0.0, "percent_covered_display": "0", "missing_lines": 15, "excluded_lines": 0, "percent_statements_covered": 0.0, "percent_statements_covered_display": "0"}, "missing_lines": [300, 301, 302, 303, 304, 306, 307, 315, 316, 317, 318, 327, 328, 332, 336], "excluded_lines": []}, "create_app.api_get_export_directory": {"executed_lines": [], "summary": {"covered_lines": 0, "num_statements": 6, "percent_covered": 0.0, "percent_covered_display": "0", "missing_lines": 6, "excluded_lines": 0, "percent_statements_covered": 0.0, "percent_statements_covered_display": "0"}, "missing_lines": [348, 350, 351, 354, 355, 357], "excluded_lines": []}, "create_app.api_set_export_directory": {"executed_lines": [], "summary": {"covered_lines": 0, "num_statements": 7, "percent_covered": 0.0, "percent_covered_display": "0", "missing_lines": 7, "excluded_lines": 0, "percent_statements_covered": 0.0, "percent_statements_covered_display": "0"}, "missing_lines": [362, 363, 365, 366, 374, 375, 377], "excluded_lines": []}, "create_app.api_get_images_directory": {"executed_lines": [], "summary": {"covered_lines": 0, "num_statements": 6, "percent_covered": 0.0, "percent_covered_display": "0", "missing_lines": 6, "excluded_lines": 0, "percent_statements_covered": 0.0, "percent_statements_covered_display": "0"}, "missing_lines": [388, 390, 391, 394, 395, 397], "excluded_lines": []}, "create_app.api_set_images_directory": {"executed_lines": [], "summary": {"covered_lines": 0, "num_statements": 7, "percent_covered": 0.0, "percent_covered_display": "0", "missing_lines": 7, "excluded_lines": 0, "percent_statements_covered": 0.0, "percent_statements_covered_display": "0"}, "missing_lines": [402, 403, 405, 406, 414, 415, 417], "excluded_lines": []}, "create_app.api_sync_images": {"executed_lines": [], "summary": {"covered_lines": 0, "num_statements": 10, "percent_covered": 0.0, "percent_covered_display": "0", "missing_lines": 10, "excluded_lines": 0, "percent_statements_covered": 0.0, "percent_statements_covered_display": "0"}, "missing_lines": [428, 429, 431, 432, 435, 436, 437, 438, 446, 448], "excluded_lines": []}, "create_app.api_toggle_highlight_visibility": {"executed_lines": [], "summary": {"covered_lines": 0, "num_statements": 6, "percent_covered": 0.0, "percent_covered_display": "0", "missing_lines": 6, "excluded_lines": 0, "percent_statements_covered": 0.0, "percent_statements_covered_display": "0"}, "missing_lines": [463, 464, 465, 466, 473, 474], "excluded_lines": []}, "create_app.api_update_book_metadata": {"executed_lines": [], "summary": {"covered_lines": 0, "num_statements": 7, "percent_covered": 0.0, "percent_covered_display": "0", "missing_lines": 7, "excluded_lines": 0, "percent_statements_covered": 0.0, "percent_statements_covered_display": "0"}, "missing_lines": [485, 486, 488, 489, 490, 496, 497], "excluded_lines": []}, "create_app.api_books": {"executed_lines": [], "summary": {"covered_lines": 0, "num_statements": 4, "percent_covered": 0.0, "percent_covered_display": "0", "missing_lines": 4, "excluded_lines": 0, "percent_statements_covered": 0.0, "percent_statements_covered_display": "0"}, "missing_lines": [508, 509, 510, 512], "excluded_lines": []}, "create_app.api_book": {"executed_lines": [], "summary": {"covered_lines": 0, "num_statements": 6, "percent_covered": 0.0, "percent_covered_display": "0", "missing_lines": 6, "excluded_lines": 0, "percent_statements_covered": 0.0, "percent_statements_covered_display": "0"}, "missing_lines": [537, 538, 539, 540, 548, 550], "excluded_lines": []}, "create_app.api_search": {"executed_lines": [], "summary": {"covered_lines": 0, "num_statements": 7, "percent_covered": 0.0, "percent_covered_display": "0", "missing_lines": 7, "excluded_lines": 0, "percent_statements_covered": 0.0, "percent_statements_covered_display": "0"}, "missing_lines": [585, 586, 588, 589, 593, 594, 596], "excluded_lines": []}, "run_server": {"executed_lines": [], "summary": {"covered_lines": 0, "num_statements": 4, "percent_covered": 0.0, "percent_covered_display": "0", "missing_lines": 4, "excluded_lines": 0, "percent_statements_covered": 0.0, "percent_statements_covered_display": "0"}, "missing_lines": [633, 634, 635, 636], "excluded_lines": []}, "": {"executed_lines": [1, 3, 4, 6, 8, 9, 10, 13, 625], "summary": {"covered_lines": 8, "num_statements": 8, "percent_covered": 100.0, "percent_covered_display": "100", "missing_lines": 0, "excluded_lines": 0, "percent_statements_covered": 100.0, "percent_statements_covered_display": "100"}, "missing_lines": [], "excluded_lines": []}}, "classes": {"": {"executed_lines": [1, 3, 4, 6, 8, 9, 10, 13, 22, 25, 26, 29, 32, 35, 36, 37, 39, 41, 42, 43, 45, 46, 48, 49, 50, 52, 53, 56, 58, 60, 61, 64, 65, 69, 71, 73, 74, 77, 78, 82, 84, 90, 92, 94, 97, 98, 100, 111, 112, 114, 115, 118, 119, 120, 121, 129, 131, 138, 139, 141, 142, 143, 144, 146, 148, 154, 155, 157, 158, 160, 162, 164, 167, 170, 171, 172, 173, 174, 176, 184, 185, 189, 190, 214, 215, 220, 221, 248, 249, 260, 261, 297, 298, 345, 346, 359, 360, 385, 386, 399, 400, 425, 426, 460, 461, 482, 483, 505, 506, 534, 535, 582, 583, 622, 625], "summary": {"covered_lines": 114, "num_statements": 237, "percent_covered": 48.10126582278481, "percent_covered_display": "48", "missing_lines": 123, "excluded_lines": 0, "percent_statements_covered": 48.10126582278481, "percent_statements_covered_display": "48"}, "missing_lines": [30, 59, 62, 66, 67, 72, 75, 79, 80, 95, 187, 192, 194, 195, 198, 199, 202, 205, 206, 208, 217, 218, 223, 224, 226, 227, 228, 229, 238, 239, 251, 252, 263, 264, 265, 268, 271, 283, 300, 301, 302, 303, 304, 306, 307, 315, 316, 317, 318, 327, 328, 332, 336, 348, 350, 351, 354, 355, 357, 362, 363, 365, 366, 374, 375, 377, 388, 390, 391, 394, 395, 397, 402, 403, 405, 406, 414, 415, 417, 428, 429, 431, 432, 435, 436, 437, 438, 446, 448, 463, 464, 465, 466, 473, 474, 485, 486, 488, 489, 490, 496, 497, 508, 509, 510, 512, 537, 538, 539, 540, 548, 550, 585, 586, 588, 589, 593, 594, 596, 633, 634, 635, 636], "excluded_lines": []}}}}, "totals": {"covered_lines": 773, "num_statements": 1684, "percent_covered": 45.902612826603324, "percent_covered_display": "46", "missing_lines": 911, "excluded_lines": 4, "percent_statements_covered": 45.902612826603324, "percent_statements_covered_display": "46"}}